# file opened: C:\Users\javie\OneDrive\Documentos\GitHub\Arkanoid-Z80\Arkanoid1\main.asm
  1   0000                  DEVICE ZXSPECTRUM48
  2   0000                  org $8000
  3   8000 31 00 00         LD SP, 0
  4   8003 C3 1B 80         JP inicio
  5   8006              Jugar:
  6   8006 51 75 69 65      DB "Quieres jugar (S/N)?", 0 ; db es para indicar uso binario e imprimir por pantalla el string puesto
  6   800A 72 65 73 20
  6   800E 6A 75 67 61
  6   8012 72 20 28 53
  6   8016 2F 4E 29 3F
  6   801A 00
  7   801B                  ; Comentarios / Parámetros IN / Parámetros OUT / Registros modificados
  8   801B              inicio:
  9   801B 3E 00            LD A , 0
 10   801D D3 FE            OUT($FE), A
 11   801F CD 39 80         CALL Pantalla_Arkanoid ; llamamos a la rutina de pantalla
 12   8022 DD 21 06 80      LD IX, Jugar ; llamamos a jugar
 13   8026 06 16            LD B, 22 ; fila de inicio
 14   8028 0E 02            LD C, 2 ; columna de inicio de la impresión por pantalla
 15   802A 3E 46            LD A, 70 ; el atributo para escoger el color en A es tal que la suma de los valores de sus bits necesarios
 16   802C CD 81 96         CALL PRINTAT ; llamamos a la función printat
 17   802F 3E C6            LD A, 198 ; ponemos brillante el cursor
 18   8031 32 D7 5A         LD ($5800 + 22*32+23),A ; dirección de memoria del cursor
 19   8034 CD 07 9A         CALL leer_sn_inicio ; Llamamos a leer_sn
 20   8037              fin:
 21   8037 18 FE            jr fin
 22   8039              Pantalla_Arkanoid:
 23   8039 21 00 40         LD HL,$4000 ; HL es la dirección de carga
 24   803C DD 21 56 80      LD IX, RLEData ; posicion de RLEData (array de datos en panatlla_inicio)
 25   8040              PARK1:
 26   8040 DD 7E 00         LD A, (IX)
 27   8043 B7               OR A
 28   8044 C8               RET Z ; se puede usar en return como condición C y Z también
 29   8045 DD 23            INC IX
 30   8047 47               LD B, A
 31   8048 DD 7E 00         LD A, (IX)
 32   804B DD 23            INC IX
 33   804D              PARK2:
 34   804D 77               LD (HL), A
 35   804E 23               INC HL
 36   804F 10 FC            DJNZ PARK2 ; decrecimiento de B hasta que valga 0
 37   8051 18 ED            JR PARK1
 38   8053              include:
 39   8053                  include "Pantalla inicio Arkanoid.asm"
# file opened: C:\Users\javie\OneDrive\Documentos\GitHub\Arkanoid-Z80\Arkanoid1\Pantalla inicio Arkanoid.asm
  1+  8053              ; Programa: RLE Extraordinaria
  2+  8053              ; Decodifica la imagen comprimida con RLE en la memoria de pantalla
  3+  8053              ;   Los datos comprimidos se organizan en tuplas (longitud, byte)
  4+  8053              ;   Longitud=0 indica el fin de los datos
  5+  8053              ;   Plantilla para la Convocatoria Extraordinaria de AOC 23/24
  6+  8053              ; Author: DL
  7+  8053              ; 3 de julio de 2024
  8+  8053
  9+  8053              ;-------------------------------------------------------------------------------------------------
 10+  8053              ; Código del Profesor. ¡¡ No cambiar !!                                                          |
 11+  8053              ;-------------------------------------------------------------------------------------------------
 12+  8053
 13+  8053                  DEVICE ZXSPECTRUM48                         ; Modelo de computador emulado para VSCode / DEZOG
 14+  8053                  SLDOPT COMMENT WPMEM, LOGPOINT, ASSERTION   ; Directivas para DEZOG
 15+  8053 C3 56 80         jp Main_Alumno
 16+  8056              ;-------------------------------------------------------------------------------------------------
 17+  8056              ; Fin del Código del Profesor                                                                    |
 18+  8056              ;-------------------------------------------------------------------------------------------------
 19+  8056
 20+  8056              ;----------------------------------------------------------------------------------------------------------
 21+  8056              ; Main_alumno: Bucle principal
 22+  8056              ; El objetivo de este bucle es decomprimir los datos del array "RLEData" en la memoria de pantalla
 23+  8056              ; de alta resolución ($4000)
 24+  8056              ; Para hacerlo, el código debe:
 25+  8056              ;   - Inicializar el puntero "IX" a RLEData
 26+  8056              ;   - Inicializar el puntero destino HL a la memoria de pantalla $4000
 27+  8056              ;   - Bucle principal llamando a LeerDataRLE y EscribirNData hasta que LeerDataRLE active el flag Z
 28+  8056              ;   - Acabar con un bucle infinito (fin: jr fin)
 29+  8056              ;
 30+  8056              ;  3 puntos
 31+  8056              ;----------------------------------------------------------------------------------------------------------
 32+  8056              Main_Alumno:
 33+  8056
 34+  8056
 35+  8056
 36+  8056
 37+  8056
 38+  8056
 39+  8056
 40+  8056
 41+  8056
 42+  8056              ;----------------------------------------------------------------------------------------------------------
 43+  8056              ; LeerDataRLE
 44+  8056              ; Esta rutina lee dos bytes de la memoria y activa el flag Z si el primero es 0
 45+  8056              ;   Entrada:
 46+  8056              ;       Registro IX: Posición de la memoria de la que leer los dos bytes
 47+  8056              ;   Salida:
 48+  8056              ;       Registro B: Primer elemento de la posición de memoria dada (IX+0)
 49+  8056              ;       Registro A: Segundo elemento de la posición de memoria dada (IX+1)
 50+  8056              ;       Flag Z Flag: Se activa el flag Z si el contenido del registro B es 0. Se desactiva si no es 0.
 51+  8056              ;       Registro IX: Se incrementa en 2 respecto al valor recibido originalmente
 52+  8056              ;       El resto de registro no se modifica
 53+  8056              ;
 54+  8056              ;  3.5 puntos
 55+  8056              ;----------------------------------------------------------------------------------------------------------
 56+  8056              ; Escribe el código de la rutina aquí
 57+  8056              LeerDataRLE:
 58+  8056
 59+  8056
 60+  8056
 61+  8056
 62+  8056
 63+  8056
 64+  8056
 65+  8056
 66+  8056
 67+  8056              ;----------------------------------------------------------------------------------------------------------
 68+  8056              ; EscribirNData
 69+  8056              ; Escribe los bytes repetidos en la memoria
 70+  8056              ;   Entrada:
 71+  8056              ;       Registro B: Número de veces que hay que repetir el valor
 72+  8056              ;       Registro A: El valor que se escribe "B" veces
 73+  8056              ;       Registro HL: Primera posición de la memoria donde comienza la escritura
 74+  8056              ;   Salida:
 75+  8056              ;       Registro HL: Puntero a la siguiente posición de memoria después de la última escritura
 76+  8056              ;       El resto de registro no se modifica
 77+  8056              ;
 78+  8056              ;  3.5 puntos
 79+  8056              ;----------------------------------------------------------------------------------------------------------
 80+  8056              ; Escribe el código de la rutina aquí
 81+  8056              EscribirNData:
 82+  8056
 83+  8056
 84+  8056
 85+  8056
 86+  8056
 87+  8056
 88+  8056
 89+  8056
 90+  8056
 91+  8056              ;-------------------------------------------------------------------------------------------------
 92+  8056              ; Fin del Código del Alumno                                                                      |
 93+  8056              ;-------------------------------------------------------------------------------------------------
 94+  8056
 95+  8056              ;-------------------------------------------------------------------------------------------------
 96+  8056              ; Código del Profesor. ¡¡ No cambiar !!                                                          |
 97+  8056              ;-------------------------------------------------------------------------------------------------
 98+  8056
 99+  8056 1A FF 01 F7  RLEData:  DEFB 26, 255, 1, 247, 13, 255, 1, 254, 3, 255, 1, 251, 2, 255, 1, 223, 8, 255, 1, 245, 1, 127
 99+  805A 0D FF 01 FE
 99+  805E 03 FF 01 FB
 99+  8062 02 FF 01 DF
 99+  8066 08 FF 01 F5
 99+  806A 01 7F
100+  806C 0E FF 01 EA            DEFB 14, 255, 1, 234, 1, 132, 1, 139, 1, 66, 1, 253, 1, 255, 1, 253, 1, 85, 1, 255, 1, 208
100+  8070 01 84 01 8B
100+  8074 01 42 01 FD
100+  8078 01 FF 01 FD
100+  807C 01 55 01 FF
100+  8080 01 D0
101+  8082 01 BF 01 F8            DEFB 1, 191, 1, 248, 1, 254, 1, 63, 1, 250, 1, 20, 1, 36, 1, 23, 13, 255, 1, 254, 1, 130
101+  8086 01 FE 01 3F
101+  808A 01 FA 01 14
101+  808E 01 24 01 17
101+  8092 0D FF 01 FE
101+  8096 01 82
102+  8098 01 85 01 A1            DEFB 1, 133, 1, 161, 1, 66, 1, 208, 1, 95, 1, 208, 1, 80, 1, 95, 1, 208, 1, 180, 3, 0
102+  809C 01 42 01 D0
102+  80A0 01 5F 01 D0
102+  80A4 01 50 01 5F
102+  80A8 01 D0 01 B4
102+  80AC 03 00
103+  80AE 01 5A 01 14            DEFB 1, 90, 1, 20, 1, 36, 1, 23, 13, 255, 1, 232, 1, 2, 1, 135, 1, 11, 1, 65, 1, 5
103+  80B2 01 24 01 17
103+  80B6 0D FF 01 E8
103+  80BA 01 02 01 87
103+  80BE 01 0B 01 41
103+  80C2 01 05
104+  80C4 01 FD 01 00            DEFB 1, 253, 1, 0, 1, 80, 1, 5, 1, 208, 1, 160, 1, 43, 1, 109, 1, 168, 1, 10, 1, 20
104+  80C8 01 50 01 05
104+  80CC 01 D0 01 A0
104+  80D0 01 2B 01 6D
104+  80D4 01 A8 01 0A
104+  80D8 01 14
105+  80DA 01 01 01 7F            DEFB 1, 1, 1, 127, 12, 255, 1, 254, 1, 130, 1, 66, 1, 128, 1, 47, 1, 64, 1, 23, 1, 208
105+  80DE 0C FF 01 FE
105+  80E2 01 82 01 42
105+  80E6 01 80 01 2F
105+  80EA 01 40 01 17
105+  80EE 01 D0
106+  80F0 01 48 01 50            DEFB 1, 72, 1, 80, 1, 144, 1, 80, 1, 160, 1, 43, 1, 109, 1, 168, 1, 10, 1, 20, 1, 23
106+  80F4 01 90 01 50
106+  80F8 01 A0 01 2B
106+  80FC 01 6D 01 A8
106+  8100 01 0A 01 14
106+  8104 01 17
107+  8106 0D FF 01 FA            DEFB 13, 255, 1, 250, 1, 11, 1, 66, 1, 138, 1, 130, 1, 69, 2, 65, 1, 104, 1, 80, 1, 189
107+  810A 01 0B 01 42
107+  810E 01 8A 01 82
107+  8112 01 45 02 41
107+  8116 01 68 01 50
107+  811A 01 BD
108+  811C 01 01 01 74            DEFB 1, 1, 1, 116, 3, 0, 1, 90, 1, 181, 1, 127, 14, 255, 1, 162, 1, 254, 1, 191, 1, 235
108+  8120 03 00 01 5A
108+  8124 01 B5 01 7F
108+  8128 0E FF 01 A2
108+  812C 01 FE 01 BF
108+  8130 01 EB
109+  8132 01 5F 01 F5            DEFB 1, 95, 1, 245, 1, 244, 1, 95, 2, 255, 1, 215, 1, 255, 1, 248, 1, 254, 1, 63, 1, 251
109+  8136 01 F4 01 5F
109+  813A 02 FF 01 D7
109+  813E 01 FF 01 F8
109+  8142 01 FE 01 3F
109+  8146 01 FB
110+  8148 01 F7 30 FF            DEFB 1, 247, 48, 255, 1, 254, 6, 255, 1, 223, 8, 255, 1, 245, 1, 127, 14, 255, 1, 234, 1, 132
110+  814C 01 FE 06 FF
110+  8150 01 DF 08 FF
110+  8154 01 F5 01 7F
110+  8158 0E FF 01 EA
110+  815C 01 84
111+  815E 01 8B 01 42            DEFB 1, 139, 1, 66, 1, 253, 1, 255, 1, 253, 1, 85, 1, 255, 1, 208, 1, 191, 1, 231, 1, 1
111+  8162 01 FD 01 FF
111+  8166 01 FD 01 55
111+  816A 01 FF 01 D0
111+  816E 01 BF 01 E7
111+  8172 01 01
112+  8174 01 CF 01 FA            DEFB 1, 207, 1, 250, 1, 20, 1, 36, 1, 23, 13, 255, 1, 254, 1, 130, 1, 133, 1, 161, 1, 66
112+  8178 01 14 01 24
112+  817C 01 17 0D FF
112+  8180 01 FE 01 82
112+  8184 01 85 01 A1
112+  8188 01 42
113+  818A 01 D0 01 5F            DEFB 1, 208, 1, 95, 1, 208, 1, 80, 1, 95, 1, 208, 1, 168, 3, 0, 1, 42, 1, 20, 1, 36
113+  818E 01 D0 01 50
113+  8192 01 5F 01 D0
113+  8196 01 A8 03 00
113+  819A 01 2A 01 14
113+  819E 01 24
114+  81A0 01 17 0D FF            DEFB 1, 23, 13, 255, 1, 232, 1, 2, 1, 128, 1, 11, 1, 65, 1, 5, 1, 253, 1, 0, 1, 80
114+  81A4 01 E8 01 02
114+  81A8 01 80 01 0B
114+  81AC 01 41 01 05
114+  81B0 01 FD 01 00
114+  81B4 01 50
115+  81B6 01 05 01 D0            DEFB 1, 5, 1, 208, 1, 160, 1, 32, 1, 0, 1, 8, 1, 10, 1, 20, 1, 1, 1, 127, 12, 255
115+  81BA 01 A0 01 20
115+  81BE 01 00 01 08
115+  81C2 01 0A 01 14
115+  81C6 01 01 01 7F
115+  81CA 0C FF
116+  81CC 01 FE 01 82            DEFB 1, 254, 1, 130, 1, 66, 1, 128, 1, 47, 1, 64, 1, 23, 1, 208, 1, 72, 1, 80, 1, 144
116+  81D0 01 42 01 80
116+  81D4 01 2F 01 40
116+  81D8 01 17 01 D0
116+  81DC 01 48 01 50
116+  81E0 01 90
117+  81E2 01 50 01 A0            DEFB 1, 80, 1, 160, 1, 43, 1, 109, 1, 168, 1, 10, 1, 20, 1, 23, 13, 255, 1, 250, 1, 11
117+  81E6 01 2B 01 6D
117+  81EA 01 A8 01 0A
117+  81EE 01 14 01 17
117+  81F2 0D FF 01 FA
117+  81F6 01 0B
118+  81F8 01 42 01 8A            DEFB 1, 66, 1, 138, 1, 130, 1, 69, 2, 65, 1, 104, 1, 80, 1, 189, 1, 1, 1, 116, 3, 0
118+  81FC 01 82 01 45
118+  8200 02 41 01 68
118+  8204 01 50 01 BD
118+  8208 01 01 01 74
118+  820C 03 00
119+  820E 01 5A 01 B5            DEFB 1, 90, 1, 181, 1, 127, 14, 255, 1, 162, 1, 254, 1, 191, 1, 235, 1, 95, 1, 245, 1, 244
119+  8212 01 7F 0E FF
119+  8216 01 A2 01 FE
119+  821A 01 BF 01 EB
119+  821E 01 5F 01 F5
119+  8222 01 F4
120+  8224 01 5F 02 FF            DEFB 1, 95, 2, 255, 1, 215, 2, 255, 1, 1, 1, 255, 1, 251, 1, 247, 6, 255, 1, 223, 41, 255
120+  8228 01 D7 02 FF
120+  822C 01 01 01 FF
120+  8230 01 FB 01 F7
120+  8234 06 FF 01 DF
120+  8238 29 FF
121+  823A 01 FC 01 FF            DEFB 1, 252, 1, 255, 1, 223, 4, 255, 1, 143, 8, 255, 1, 232, 1, 191, 8, 255, 1, 223, 5, 255
121+  823E 01 DF 04 FF
121+  8242 01 8F 08 FF
121+  8246 01 E8 01 BF
121+  824A 08 FF 01 DF
121+  824E 05 FF
122+  8250 01 D2 01 85            DEFB 1, 210, 1, 133, 1, 5, 1, 66, 1, 250, 1, 255, 1, 250, 1, 82, 1, 255, 1, 208, 1, 191
122+  8254 01 05 01 42
122+  8258 01 FA 01 FF
122+  825C 01 FA 01 52
122+  8260 01 FF 01 D0
122+  8264 01 BF
123+  8266 01 98 01 00            DEFB 1, 152, 1, 0, 1, 51, 1, 250, 1, 20, 1, 42, 1, 11, 13, 255, 1, 253, 1, 2, 1, 133
123+  826A 01 33 01 FA
123+  826E 01 14 01 2A
123+  8272 01 0B 0D FF
123+  8276 01 FD 01 02
123+  827A 01 85
124+  827C 01 41 01 42            DEFB 1, 65, 1, 66, 1, 160, 1, 191, 1, 160, 1, 80, 1, 47, 1, 208, 1, 168, 1, 0, 1, 254
124+  8280 01 A0 01 BF
124+  8284 01 A0 01 50
124+  8288 01 2F 01 D0
124+  828C 01 A8 01 00
124+  8290 01 FE
125+  8292 01 00 01 2A            DEFB 1, 0, 1, 42, 1, 20, 1, 40, 1, 47, 13, 255, 1, 208, 1, 2, 1, 128, 1, 23, 1, 64
125+  8296 01 14 01 28
125+  829A 01 2F 0D FF
125+  829E 01 D0 01 02
125+  82A2 01 80 01 17
125+  82A6 01 40
126+  82A8 01 0B 01 FA            DEFB 1, 11, 1, 250, 1, 0, 1, 80, 1, 2, 1, 208, 1, 160, 1, 91, 1, 109, 1, 180, 1, 10
126+  82AC 01 00 01 50
126+  82B0 01 02 01 D0
126+  82B4 01 A0 01 5B
126+  82B8 01 6D 01 B4
126+  82BC 01 0A
127+  82BE 01 14 01 02            DEFB 1, 20, 1, 2, 13, 255, 1, 253, 1, 5, 1, 66, 1, 128, 1, 23, 1, 64, 1, 11, 1, 160
127+  82C2 0D FF 01 FD
127+  82C6 01 05 01 42
127+  82CA 01 80 01 17
127+  82CE 01 40 01 0B
127+  82D2 01 A0
128+  82D4 01 A8 01 50            DEFB 1, 168, 1, 80, 1, 168, 1, 32, 1, 160, 1, 16, 1, 0, 1, 16, 1, 10, 1, 20, 1, 47
128+  82D8 01 A8 01 20
128+  82DC 01 A0 01 10
128+  82E0 01 00 01 10
128+  82E4 01 0A 01 14
128+  82E8 01 2F
129+  82EA 0D FF 01 FD            DEFB 13, 255, 1, 253, 1, 5, 1, 66, 1, 151, 1, 65, 1, 75, 2, 160, 1, 168, 1, 80, 1, 190
129+  82EE 01 05 01 42
129+  82F2 01 97 01 41
129+  82F6 01 4B 02 A0
129+  82FA 01 A8 01 50
129+  82FE 01 BE
130+  8300 01 82 01 FA            DEFB 1, 130, 1, 250, 3, 0, 1, 187, 1, 118, 15, 255, 1, 213, 1, 254, 1, 127, 1, 247, 1, 63
130+  8304 03 00 01 BB
130+  8308 01 76 0F FF
130+  830C 01 D5 01 FE
130+  8310 01 7F 01 F7
130+  8314 01 3F
131+  8316 01 FB 01 FA            DEFB 1, 251, 1, 250, 1, 191, 2, 255, 1, 239, 30, 255, 1, 247, 23, 255, 1, 252, 1, 255, 1, 223
131+  831A 01 BF 02 FF
131+  831E 01 EF 1E FF
131+  8322 01 F7 17 FF
131+  8326 01 FC 01 FF
131+  832A 01 DF
132+  832C 04 FF 01 8F            DEFB 4, 255, 1, 143, 8, 255, 1, 232, 1, 191, 14, 255, 1, 210, 1, 133, 1, 5, 1, 66, 1, 250
132+  8330 08 FF 01 E8
132+  8334 01 BF 0E FF
132+  8338 01 D2 01 85
132+  833C 01 05 01 42
132+  8340 01 FA
133+  8342 01 FF 01 FA            DEFB 1, 255, 1, 250, 1, 82, 1, 255, 1, 208, 1, 191, 1, 96, 1, 0, 1, 13, 1, 250, 1, 20
133+  8346 01 52 01 FF
133+  834A 01 D0 01 BF
133+  834E 01 60 01 00
133+  8352 01 0D 01 FA
133+  8356 01 14
134+  8358 01 2A 01 0B            DEFB 1, 42, 1, 11, 13, 255, 1, 253, 1, 2, 1, 133, 1, 65, 1, 66, 1, 160, 1, 191, 1, 160
134+  835C 0D FF 01 FD
134+  8360 01 02 01 85
134+  8364 01 41 01 42
134+  8368 01 A0 01 BF
134+  836C 01 A0
135+  836E 01 50 01 2F            DEFB 1, 80, 1, 47, 1, 208, 1, 144, 1, 3, 1, 1, 1, 128, 1, 18, 1, 20, 1, 40, 1, 47
135+  8372 01 D0 01 90
135+  8376 01 03 01 01
135+  837A 01 80 01 12
135+  837E 01 14 01 28
135+  8382 01 2F
136+  8384 0D FF 01 D0            DEFB 13, 255, 1, 208, 1, 2, 1, 128, 1, 23, 1, 64, 1, 11, 1, 250, 1, 0, 1, 80, 1, 2
136+  8388 01 02 01 80
136+  838C 01 17 01 40
136+  8390 01 0B 01 FA
136+  8394 01 00 01 50
136+  8398 01 02
137+  839A 01 D0 01 A0            DEFB 1, 208, 1, 160, 1, 91, 1, 109, 1, 180, 1, 10, 1, 20, 1, 2, 13, 255, 1, 253, 1, 5
137+  839E 01 5B 01 6D
137+  83A2 01 B4 01 0A
137+  83A6 01 14 01 02
137+  83AA 0D FF 01 FD
137+  83AE 01 05
138+  83B0 01 42 01 80            DEFB 1, 66, 1, 128, 1, 23, 1, 64, 1, 11, 1, 160, 1, 168, 1, 80, 1, 168, 1, 0, 1, 144
138+  83B4 01 17 01 40
138+  83B8 01 0B 01 A0
138+  83BC 01 A8 01 50
138+  83C0 01 A8 01 00
138+  83C4 01 90
139+  83C6 01 0B 01 6D            DEFB 1, 11, 1, 109, 1, 160, 1, 18, 1, 20, 1, 47, 13, 255, 1, 253, 1, 5, 1, 66, 1, 151
139+  83CA 01 A0 01 12
139+  83CE 01 14 01 2F
139+  83D2 0D FF 01 FD
139+  83D6 01 05 01 42
139+  83DA 01 97
140+  83DC 01 41 01 4B            DEFB 1, 65, 1, 75, 2, 160, 1, 168, 1, 80, 1, 190, 1, 130, 1, 253, 2, 0, 1, 1, 1, 123
140+  83E0 02 A0 01 A8
140+  83E4 01 50 01 BE
140+  83E8 01 82 01 FD
140+  83EC 02 00 01 01
140+  83F0 01 7B
141+  83F2 01 76 05 FF            DEFB 1, 118, 5, 255, 1, 251, 9, 255, 1, 213, 1, 254, 1, 127, 1, 247, 1, 63, 1, 251, 1, 250
141+  83F6 01 FB 09 FF
141+  83FA 01 D5 01 FE
141+  83FE 01 7F 01 F7
141+  8402 01 3F 01 FB
141+  8406 01 FA
142+  8408 01 BF 02 FF            DEFB 1, 191, 2, 255, 1, 239, 7, 255, 1, 239, 13, 255, 1, 223, 16, 255, 1, 253, 15, 255, 1, 250
142+  840C 01 EF 07 FF
142+  8410 01 EF 0D FF
142+  8414 01 DF 10 FF
142+  8418 01 FD 0F FF
142+  841C 01 FA
143+  841E 01 01 01 AF            DEFB 1, 1, 1, 175, 1, 0, 3, 255, 1, 87, 1, 255, 1, 192, 1, 63, 3, 255, 1, 248, 1, 0
143+  8422 01 00 03 FF
143+  8426 01 57 01 FF
143+  842A 01 C0 01 3F
143+  842E 03 FF 01 F8
143+  8432 01 00
144+  8434 01 10 01 5F            DEFB 1, 16, 1, 95, 14, 255, 1, 162, 1, 132, 1, 130, 1, 66, 1, 245, 1, 127, 1, 244, 1, 81
144+  8438 0E FF 01 A2
144+  843C 01 84 01 82
144+  8440 01 42 01 F5
144+  8444 01 7F 01 F4
144+  8448 01 51
145+  844A 01 7F 01 D0            DEFB 1, 127, 1, 208, 1, 190, 1, 128, 1, 0, 1, 2, 1, 250, 1, 20, 1, 45, 1, 5, 10, 255
145+  844E 01 BE 01 80
145+  8452 01 00 01 02
145+  8456 01 FA 01 14
145+  845A 01 2D 01 05
145+  845E 0A FF
146+  8460 01 FE 02 FF            DEFB 1, 254, 2, 255, 1, 250, 1, 2, 1, 132, 1, 130, 1, 67, 1, 65, 1, 127, 1, 64, 1, 80
146+  8464 01 FA 01 02
146+  8468 01 84 01 82
146+  846C 01 43 01 41
146+  8470 01 7F 01 40
146+  8474 01 50
147+  8476 01 17 01 D0            DEFB 1, 23, 1, 208, 1, 144, 1, 4, 1, 108, 1, 64, 1, 18, 1, 20, 1, 48, 1, 95, 13, 255
147+  847A 01 90 01 04
147+  847E 01 6C 01 40
147+  8482 01 12 01 14
147+  8486 01 30 01 5F
147+  848A 0D FF
148+  848C 01 A0 01 02            DEFB 1, 160, 1, 2, 1, 128, 1, 47, 1, 64, 1, 23, 1, 244, 1, 0, 1, 80, 1, 1, 1, 80
148+  8490 01 80 01 2F
148+  8494 01 40 01 17
148+  8498 01 F4 01 00
148+  849C 01 50 01 01
148+  84A0 01 50
149+  84A2 01 A0 01 40            DEFB 1, 160, 1, 64, 1, 0, 1, 4, 1, 10, 1, 20, 1, 5, 13, 255, 1, 250, 1, 11, 1, 66
149+  84A6 01 00 01 04
149+  84AA 01 0A 01 14
149+  84AE 01 05 0D FF
149+  84B2 01 FA 01 0B
149+  84B6 01 42
150+  84B8 01 80 01 0B            DEFB 1, 128, 1, 11, 1, 65, 1, 5, 1, 65, 1, 104, 1, 80, 1, 180, 1, 0, 1, 144, 1, 4
150+  84BC 01 41 01 05
150+  84C0 01 41 01 68
150+  84C4 01 50 01 B4
150+  84C8 01 00 01 90
150+  84CC 01 04
151+  84CE 01 6C 01 40            DEFB 1, 108, 1, 64, 1, 18, 1, 36, 1, 95, 13, 255, 1, 254, 1, 130, 1, 66, 1, 175, 1, 162
151+  84D2 01 12 01 24
151+  84D6 01 5F 0D FF
151+  84DA 01 FE 01 82
151+  84DE 01 42 01 AF
151+  84E2 01 A2
152+  84E4 01 57 01 D1            DEFB 1, 87, 1, 209, 1, 80, 1, 72, 1, 80, 1, 191, 1, 69, 1, 254, 1, 128, 1, 0, 1, 2
152+  84E8 01 50 01 48
152+  84EC 01 50 01 BF
152+  84F0 01 45 01 FE
152+  84F4 01 80 01 00
152+  84F8 01 02
153+  84FA 01 FA 01 F5            DEFB 1, 250, 1, 245, 12, 255, 1, 127, 2, 255, 1, 235, 1, 254, 2, 255, 1, 127, 1, 255, 1, 253
153+  84FE 0C FF 01 7F
153+  8502 02 FF 01 EB
153+  8506 01 FE 02 FF
153+  850A 01 7F 01 FF
153+  850E 01 FD
154+  8510 01 7F 29 FF            DEFB 1, 127, 41, 255, 1, 253, 15, 255, 1, 250, 1, 253, 1, 175, 1, 126, 3, 255, 1, 87, 1, 255
154+  8514 01 FD 0F FF
154+  8518 01 FA 01 FD
154+  851C 01 AF 01 7E
154+  8520 03 FF 01 57
154+  8524 01 FF
155+  8526 01 DF 01 BF            DEFB 1, 223, 1, 191, 3, 255, 1, 251, 1, 247, 1, 240, 1, 95, 14, 255, 1, 162, 1, 132, 1, 130
155+  852A 03 FF 01 FB
155+  852E 01 F7 01 F0
155+  8532 01 5F 0E FF
155+  8536 01 A2 01 84
155+  853A 01 82
156+  853C 01 42 01 F5            DEFB 1, 66, 1, 245, 1, 127, 1, 244, 1, 81, 1, 127, 1, 208, 1, 189, 2, 0, 1, 1, 1, 122
156+  8540 01 7F 01 F4
156+  8544 01 51 01 7F
156+  8548 01 D0 01 BD
156+  854C 02 00 01 01
156+  8550 01 7A
157+  8552 01 14 01 2D            DEFB 1, 20, 1, 45, 1, 5, 13, 255, 1, 250, 1, 2, 1, 132, 1, 130, 1, 67, 1, 65, 1, 127
157+  8556 01 05 0D FF
157+  855A 01 FA 01 02
157+  855E 01 84 01 82
157+  8562 01 43 01 41
157+  8566 01 7F
158+  8568 01 40 01 50            DEFB 1, 64, 1, 80, 1, 23, 1, 208, 1, 144, 1, 11, 1, 109, 1, 160, 1, 18, 1, 20, 1, 48
158+  856C 01 17 01 D0
158+  8570 01 90 01 0B
158+  8574 01 6D 01 A0
158+  8578 01 12 01 14
158+  857C 01 30
159+  857E 01 5F 0D FF            DEFB 1, 95, 13, 255, 1, 160, 1, 130, 1, 128, 1, 47, 1, 64, 1, 23, 1, 244, 1, 16, 1, 80
159+  8582 01 A0 01 82
159+  8586 01 80 01 2F
159+  858A 01 40 01 17
159+  858E 01 F4 01 10
159+  8592 01 50
160+  8594 01 41 01 50            DEFB 1, 65, 1, 80, 1, 160, 1, 91, 1, 109, 1, 180, 1, 10, 1, 20, 1, 5, 13, 255, 1, 250
160+  8598 01 A0 01 5B
160+  859C 01 6D 01 B4
160+  85A0 01 0A 01 14
160+  85A4 01 05 0D FF
160+  85A8 01 FA
161+  85AA 01 0B 01 42            DEFB 1, 11, 1, 66, 1, 128, 1, 11, 1, 65, 1, 5, 1, 65, 1, 104, 1, 80, 1, 180, 1, 0
161+  85AE 01 80 01 0B
161+  85B2 01 41 01 05
161+  85B6 01 41 01 68
161+  85BA 01 50 01 B4
161+  85BE 01 00
162+  85C0 01 90 01 03            DEFB 1, 144, 1, 3, 1, 1, 1, 128, 1, 18, 1, 36, 1, 95, 13, 255, 1, 254, 1, 130, 1, 66
162+  85C4 01 01 01 80
162+  85C8 01 12 01 24
162+  85CC 01 5F 0D FF
162+  85D0 01 FE 01 82
162+  85D4 01 42
163+  85D6 01 AF 01 A2            DEFB 1, 175, 1, 162, 1, 87, 1, 209, 1, 80, 1, 72, 1, 80, 1, 191, 1, 69, 1, 255, 1, 96
163+  85DA 01 57 01 D1
163+  85DE 01 50 01 48
163+  85E2 01 50 01 BF
163+  85E6 01 45 01 FF
163+  85EA 01 60
164+  85EC 01 00 01 0D            DEFB 1, 0, 1, 13, 1, 250, 1, 245, 15, 255, 1, 235, 1, 254, 2, 255, 1, 127, 1, 255, 1, 253
164+  85F0 01 FA 01 F5
164+  85F4 0F FF 01 EB
164+  85F8 01 FE 02 FF
164+  85FC 01 7F 01 FF
164+  8600 01 FD
165+  8602 01 7F 04 FF            DEFB 1, 127, 4, 255, 1, 254, 36, 255, 1, 250, 15, 255, 1, 246, 1, 133, 1, 87, 1, 66, 2, 255
165+  8606 01 FE 24 FF
165+  860A 01 FA 0F FF
165+  860E 01 F6 01 85
165+  8612 01 57 01 42
165+  8616 02 FF
166+  8618 01 FE 01 DB            DEFB 1, 254, 1, 219, 1, 255, 1, 208, 1, 191, 3, 255, 1, 250, 1, 20, 1, 40, 1, 47, 14, 255
166+  861C 01 FF 01 D0
166+  8620 01 BF 03 FF
166+  8624 01 FA 01 14
166+  8628 01 28 01 2F
166+  862C 0E FF
167+  862E 01 42 01 85            DEFB 1, 66, 1, 133, 1, 65, 1, 66, 1, 232, 1, 191, 1, 232, 1, 80, 1, 191, 1, 208, 1, 186
167+  8632 01 41 01 42
167+  8636 01 E8 01 BF
167+  863A 01 E8 01 50
167+  863E 01 BF 01 D0
167+  8642 01 BA
168+  8644 03 00 01 BA            DEFB 3, 0, 1, 186, 1, 20, 1, 42, 1, 11, 13, 255, 1, 244, 1, 2, 1, 133, 1, 5, 1, 66
168+  8648 01 14 01 2A
168+  864C 01 0B 0D FF
168+  8650 01 F4 01 02
168+  8654 01 85 01 05
168+  8658 01 42
169+  865A 01 82 01 FE            DEFB 1, 130, 1, 254, 1, 128, 1, 80, 1, 11, 1, 208, 1, 160, 1, 16, 1, 0, 1, 16, 1, 10
169+  865E 01 80 01 50
169+  8662 01 0B 01 D0
169+  8666 01 A0 01 10
169+  866A 01 00 01 10
169+  866E 01 0A
170+  8670 01 14 01 00            DEFB 1, 20, 1, 0, 1, 191, 13, 255, 1, 65, 1, 66, 1, 128, 1, 95, 1, 64, 1, 47, 1, 232
170+  8674 01 BF 0D FF
170+  8678 01 41 01 42
170+  867C 01 80 01 5F
170+  8680 01 40 01 2F
170+  8684 01 E8
171+  8686 01 28 01 50            DEFB 1, 40, 1, 80, 1, 160, 1, 144, 1, 160, 1, 91, 1, 109, 1, 180, 1, 10, 1, 20, 1, 11
171+  868A 01 A0 01 90
171+  868E 01 A0 01 5B
171+  8692 01 6D 01 B4
171+  8696 01 0A 01 14
171+  869A 01 0B
172+  869C 0D FF 01 F4            DEFB 13, 255, 1, 244, 1, 23, 1, 66, 1, 130, 1, 5, 1, 66, 2, 130, 1, 232, 1, 80, 1, 186
172+  86A0 01 17 01 42
172+  86A4 01 82 01 05
172+  86A8 01 42 02 82
172+  86AC 01 E8 01 50
172+  86B0 01 BA
173+  86B2 01 00 01 A8            DEFB 1, 0, 1, 168, 1, 0, 1, 254, 1, 0, 1, 42, 1, 84, 1, 191, 14, 255, 1, 65, 1, 126
173+  86B6 01 00 01 FE
173+  86BA 01 00 01 2A
173+  86BE 01 54 01 BF
173+  86C2 0E FF 01 41
173+  86C6 01 7E
174+  86C8 01 DF 01 D5            DEFB 1, 223, 1, 213, 1, 111, 1, 234, 1, 232, 1, 47, 1, 223, 1, 191, 1, 171, 1, 255, 1, 152
174+  86CC 01 6F 01 EA
174+  86D0 01 E8 01 2F
174+  86D4 01 DF 01 BF
174+  86D8 01 AB 01 FF
174+  86DC 01 98
175+  86DE 01 00 01 33            DEFB 1, 0, 1, 51, 1, 249, 1, 243, 15, 255, 1, 247, 5, 255, 1, 254, 18, 255, 1, 254, 23, 255
175+  86E2 01 F9 01 F3
175+  86E6 0F FF 01 F7
175+  86EA 05 FF 01 FE
175+  86EE 12 FF 01 FE
175+  86F2 17 FF
176+  86F4 01 FA 0F FF            DEFB 1, 250, 15, 255, 1, 246, 1, 133, 1, 87, 1, 66, 2, 255, 1, 254, 1, 219, 1, 255, 1, 208
176+  86F8 01 F6 01 85
176+  86FC 01 57 01 42
176+  8700 02 FF 01 FE
176+  8704 01 DB 01 FF
176+  8708 01 D0
177+  870A 01 BF 01 FF            DEFB 1, 191, 1, 255, 1, 1, 1, 255, 1, 250, 1, 20, 1, 40, 1, 47, 14, 255, 1, 66, 1, 133
177+  870E 01 01 01 FF
177+  8712 01 FA 01 14
177+  8716 01 28 01 2F
177+  871A 0E FF 01 42
177+  871E 01 85
178+  8720 01 41 01 42            DEFB 1, 65, 1, 66, 1, 232, 1, 191, 1, 232, 1, 80, 1, 191, 1, 208, 1, 180, 3, 0, 1, 90
178+  8724 01 E8 01 BF
178+  8728 01 E8 01 50
178+  872C 01 BF 01 D0
178+  8730 01 B4 03 00
178+  8734 01 5A
179+  8736 01 14 01 2A            DEFB 1, 20, 1, 42, 1, 11, 13, 255, 1, 244, 1, 2, 1, 133, 1, 5, 1, 66, 1, 130, 1, 254
179+  873A 01 0B 0D FF
179+  873E 01 F4 01 02
179+  8742 01 85 01 05
179+  8746 01 42 01 82
179+  874A 01 FE
180+  874C 01 80 01 50            DEFB 1, 128, 1, 80, 1, 11, 1, 208, 1, 160, 1, 43, 1, 109, 1, 168, 1, 10, 1, 20, 1, 0
180+  8750 01 0B 01 D0
180+  8754 01 A0 01 2B
180+  8758 01 6D 01 A8
180+  875C 01 0A 01 14
180+  8760 01 00
181+  8762 01 BF 0D FF            DEFB 1, 191, 13, 255, 1, 65, 1, 66, 1, 128, 1, 95, 1, 64, 1, 47, 1, 232, 1, 40, 1, 80
181+  8766 01 41 01 42
181+  876A 01 80 01 5F
181+  876E 01 40 01 2F
181+  8772 01 E8 01 28
181+  8776 01 50
182+  8778 01 A0 01 90            DEFB 1, 160, 1, 144, 1, 160, 1, 32, 1, 0, 1, 8, 1, 10, 1, 20, 1, 11, 13, 255, 1, 244
182+  877C 01 A0 01 20
182+  8780 01 00 01 08
182+  8784 01 0A 01 14
182+  8788 01 0B 0D FF
182+  878C 01 F4
183+  878E 01 17 01 42            DEFB 1, 23, 1, 66, 1, 133, 1, 5, 1, 66, 2, 130, 1, 232, 1, 80, 1, 186, 1, 0, 1, 168
183+  8792 01 85 01 05
183+  8796 01 42 02 82
183+  879A 01 E8 01 50
183+  879E 01 BA 01 00
183+  87A2 01 A8
184+  87A4 03 00 01 2A            DEFB 3, 0, 1, 42, 1, 84, 1, 191, 14, 255, 1, 65, 1, 0, 1, 223, 1, 213, 1, 111, 1, 234
184+  87A8 01 54 01 BF
184+  87AC 0E FF 01 41
184+  87B0 01 00 01 DF
184+  87B4 01 D5 01 6F
184+  87B8 01 EA
185+  87BA 01 E8 01 20            DEFB 1, 232, 1, 32, 1, 0, 1, 63, 1, 171, 1, 255, 1, 231, 1, 1, 1, 207, 1, 249, 1, 243
185+  87BE 01 00 01 3F
185+  87C2 01 AB 01 FF
185+  87C6 01 E7 01 01
185+  87CA 01 CF 01 F9
185+  87CE 01 F3
186+  87D0 0F FF 01 F7            DEFB 15, 255, 1, 247, 4, 255, 1, 254, 61, 255, 1, 253, 1, 212, 1, 69, 1, 85, 1, 84, 1, 79
186+  87D4 04 FF 01 FE
186+  87D8 3D FF 01 FD
186+  87DC 01 D4 01 45
186+  87E0 01 55 01 54
186+  87E4 01 4F
187+  87E6 01 1B 01 D4            DEFB 1, 27, 1, 212, 1, 84, 1, 113, 1, 85, 1, 31, 22, 255, 1, 238, 1, 98, 1, 35, 1, 110
187+  87EA 01 54 01 71
187+  87EE 01 55 01 1F
187+  87F2 16 FF 01 EE
187+  87F6 01 62 01 23
187+  87FA 01 6E
188+  87FC 01 39 01 AE            DEFB 1, 57, 1, 174, 1, 106, 1, 185, 23, 255, 1, 253, 1, 84, 1, 68, 1, 113, 1, 93, 1, 68
188+  8800 01 6A 01 B9
188+  8804 17 FF 01 FD
188+  8808 01 54 01 44
188+  880C 01 71 01 5D
188+  8810 01 44
189+  8812 01 57 02 11            DEFB 1, 87, 2, 17, 1, 31, 53, 255, 1, 191, 1, 255, 1, 207, 1, 255, 1, 195, 1, 247, 2, 255
189+  8816 01 1F 35 FF
189+  881A 01 BF 01 FF
189+  881E 01 CF 01 FF
189+  8822 01 C3 01 F7
189+  8826 02 FF
190+  8828 01 1F 01 8F            DEFB 1, 31, 1, 143, 20, 255, 1, 252, 1, 63, 1, 255, 1, 170, 1, 189, 1, 255, 1, 198, 1, 0
190+  882C 14 FF 01 FC
190+  8830 01 3F 01 FF
190+  8834 01 AA 01 BD
190+  8838 01 FF 01 C6
190+  883C 01 00
191+  883E 01 70 01 00            DEFB 1, 112, 1, 0, 1, 21, 1, 238, 1, 191, 17, 255, 1, 252, 1, 193, 1, 0, 1, 21, 1, 117
191+  8842 01 15 01 EE
191+  8846 01 BF 11 FF
191+  884A 01 FC 01 C1
191+  884E 01 00 01 15
191+  8852 01 75
192+  8854 01 7F 01 87            DEFB 1, 127, 1, 135, 1, 128, 1, 127, 1, 254, 1, 0, 1, 31, 1, 127, 1, 248, 1, 123, 1, 129
192+  8858 01 80 01 7F
192+  885C 01 FE 01 00
192+  8860 01 1F 01 7F
192+  8864 01 F8 01 7B
192+  8868 01 81
193+  886A 01 BD 55 FF            DEFB 1, 189, 85, 255, 1, 234, 1, 170, 1, 235, 1, 111, 1, 186, 1, 222, 1, 170, 1, 187, 23, 255
193+  886E 01 EA 01 AA
193+  8872 01 EB 01 6F
193+  8876 01 BA 01 DE
193+  887A 01 AA 01 BB
193+  887E 17 FF
194+  8880 01 FC 01 55            DEFB 1, 252, 1, 85, 1, 237, 1, 245, 1, 92, 1, 85, 1, 87, 1, 213, 1, 87, 1, 127, 55, 255
194+  8884 01 ED 01 F5
194+  8888 01 5C 01 55
194+  888C 01 57 01 D5
194+  8890 01 57 01 7F
194+  8894 37 FF
195+  8896 01 33 01 FE            DEFB 1, 51, 1, 254, 1, 60, 1, 27, 1, 255, 1, 252, 1, 224, 1, 115, 19, 255, 1, 127, 1, 243
195+  889A 01 3C 01 1B
195+  889E 01 FF 01 FC
195+  88A2 01 E0 01 73
195+  88A6 13 FF 01 7F
195+  88AA 01 F3
196+  88AC 01 C3 01 FF            DEFB 1, 195, 1, 255, 1, 181, 1, 87, 1, 255, 1, 248, 1, 0, 1, 96, 1, 0, 1, 42, 1, 242
196+  88B0 01 B5 01 57
196+  88B4 01 FF 01 F8
196+  88B8 01 00 01 60
196+  88BC 01 00 01 2A
196+  88C0 01 F2
197+  88C2 01 BF 11 FF            DEFB 1, 191, 17, 255, 1, 243, 1, 4, 1, 0, 1, 42, 1, 234, 1, 174, 1, 0, 1, 121, 1, 245
197+  88C6 01 F3 01 04
197+  88CA 01 00 01 2A
197+  88CE 01 EA 01 AE
197+  88D2 01 00 01 79
197+  88D6 01 F5
198+  88D8 01 55 01 80            DEFB 1, 85, 1, 128, 1, 1, 1, 255, 1, 224, 1, 7, 1, 5, 1, 221, 85, 255, 1, 226, 1, 170
198+  88DC 01 01 01 FF
198+  88E0 01 E0 01 07
198+  88E4 01 05 01 DD
198+  88E8 55 FF 01 E2
198+  88EC 01 AA
199+  88EE 01 EA 01 22            DEFB 1, 234, 1, 34, 1, 56, 1, 222, 1, 162, 1, 187, 23, 255, 1, 253, 1, 84, 1, 109, 1, 243
199+  88F2 01 38 01 DE
199+  88F6 01 A2 01 BB
199+  88FA 17 FF 01 FD
199+  88FE 01 54 01 6D
199+  8902 01 F3
200+  8904 01 5D 01 44            DEFB 1, 93, 1, 68, 1, 207, 1, 213, 1, 83, 1, 31, 10, 255, 1, 223, 19, 255, 1, 223, 23, 255
200+  8908 01 CF 01 D5
200+  890C 01 53 01 1F
200+  8910 0A FF 01 DF
200+  8914 13 FF 01 DF
200+  8918 17 FF
201+  891A 01 FC 01 CC            DEFB 1, 252, 1, 204, 1, 249, 1, 195, 1, 123, 1, 255, 1, 251, 1, 2, 1, 141, 20, 255, 1, 204
201+  891E 01 F9 01 C3
201+  8922 01 7B 01 FF
201+  8926 01 FB 01 02
201+  892A 01 8D 14 FF
201+  892E 01 CC
202+  8930 01 3D 01 FF            DEFB 1, 61, 1, 255, 1, 106, 1, 171, 1, 255, 1, 224, 1, 1, 1, 192, 1, 0, 1, 85, 1, 125
202+  8934 01 6A 01 AB
202+  8938 01 FF 01 E0
202+  893C 01 01 01 C0
202+  8940 01 00 01 55
202+  8944 01 7D
203+  8946 01 9F 11 FF            DEFB 1, 159, 17, 255, 1, 204, 1, 16, 1, 1, 1, 85, 1, 96, 1, 88, 1, 0, 1, 6, 1, 106
203+  894A 01 CC 01 10
203+  894E 01 01 01 55
203+  8952 01 60 01 58
203+  8956 01 00 01 06
203+  895A 01 6A
204+  895C 01 83 01 40            DEFB 1, 131, 1, 64, 1, 0, 1, 31, 1, 128, 1, 1, 1, 175, 1, 237, 78, 255, 1, 253, 37, 255
204+  8960 01 00 01 1F
204+  8964 01 80 01 01
204+  8968 01 AF 01 ED
204+  896C 4E FF 01 FD
204+  8970 25 FF
205+  8972 01 FD 01 57            DEFB 1, 253, 1, 87, 1, 109, 1, 245, 1, 189, 1, 85, 1, 87, 1, 85, 1, 87, 1, 223, 54, 255
205+  8976 01 6D 01 F5
205+  897A 01 BD 01 55
205+  897E 01 57 01 55
205+  8982 01 57 01 DF
205+  8986 36 FF
206+  8988 01 F3 01 03            DEFB 1, 243, 1, 3, 1, 38, 1, 5, 1, 187, 1, 192, 1, 4, 1, 0, 1, 114, 20, 255, 1, 48
206+  898C 01 26 01 05
206+  8990 01 BB 01 C0
206+  8994 01 04 01 00
206+  8998 01 72 14 FF
206+  899C 01 30
207+  899E 01 42 01 FF            DEFB 1, 66, 1, 255, 2, 85, 1, 127, 1, 128, 1, 6, 1, 128, 1, 0, 1, 170, 1, 254, 1, 111
207+  89A2 02 55 01 7F
207+  89A6 01 80 01 06
207+  89AA 01 80 01 00
207+  89AE 01 AA 01 FE
207+  89B2 01 6F
208+  89B4 11 FF 01 BF            DEFB 17, 255, 1, 191, 1, 192, 1, 10, 1, 171, 1, 224, 1, 96, 1, 0, 1, 4, 1, 52, 1, 15
208+  89B8 01 C0 01 0A
208+  89BC 01 AB 01 E0
208+  89C0 01 60 01 00
208+  89C4 01 04 01 34
208+  89C8 01 0F
209+  89CA 01 A0 03 00            DEFB 1, 160, 3, 0, 1, 7, 1, 223, 1, 237, 9, 255, 1, 253, 9, 255, 1, 252, 2, 68, 1, 69
209+  89CE 01 07 01 DF
209+  89D2 01 ED 09 FF
209+  89D6 01 FD 09 FF
209+  89DA 01 FC 02 44
209+  89DE 01 45
210+  89E0 01 54 01 4F            DEFB 1, 84, 1, 79, 1, 21, 1, 212, 1, 84, 1, 119, 1, 21, 1, 31, 18, 255, 1, 253, 66, 255
210+  89E4 01 15 01 D4
210+  89E8 01 54 01 77
210+  89EC 01 15 01 1F
210+  89F0 12 FF 01 FD
210+  89F4 42 FF
211+  89F6 01 FD 02 44            DEFB 1, 253, 2, 68, 1, 113, 1, 189, 1, 85, 1, 87, 1, 17, 1, 81, 1, 31, 45, 255, 1, 253
211+  89FA 01 71 01 BD
211+  89FE 01 55 01 57
211+  8A02 01 11 01 51
211+  8A06 01 1F 2D FF
211+  8A0A 01 FD
212+  8A0C 08 FF 01 EC            DEFB 8, 255, 1, 236, 1, 9, 1, 216, 1, 43, 1, 216, 1, 63, 1, 255, 1, 224, 1, 189, 1, 127
212+  8A10 01 09 01 D8
212+  8A14 01 2B 01 D8
212+  8A18 01 3F 01 FF
212+  8A1C 01 E0 01 BD
212+  8A20 01 7F
213+  8A22 12 FF 01 FC            DEFB 18, 255, 1, 252, 1, 193, 1, 1, 1, 126, 2, 170, 1, 190, 1, 0, 1, 7, 1, 64, 1, 5
213+  8A26 01 C1 01 01
213+  8A2A 01 7E 02 AA
213+  8A2E 01 BE 01 00
213+  8A32 01 07 01 40
213+  8A36 01 05
214+  8A38 01 55 01 FF            DEFB 1, 85, 1, 255, 1, 151, 17, 255, 1, 85, 1, 64, 2, 85, 1, 225, 1, 128, 1, 0, 1, 8
214+  8A3C 01 97 11 FF
214+  8A40 01 55 01 40
214+  8A44 02 55 01 E1
214+  8A48 01 80 01 00
214+  8A4C 01 08
215+  8A4E 01 0F 01 F7            DEFB 1, 15, 1, 247, 1, 208, 3, 0, 1, 31, 1, 231, 1, 45, 19, 255, 1, 253, 1, 85, 1, 93
215+  8A52 01 D0 03 00
215+  8A56 01 1F 01 E7
215+  8A5A 01 2D 13 FF
215+  8A5E 01 FD 01 55
215+  8A62 01 5D
216+  8A64 01 54 01 45            DEFB 1, 84, 1, 69, 1, 215, 1, 85, 1, 198, 1, 213, 1, 247, 1, 81, 1, 95, 4, 255, 1, 223
216+  8A68 01 D7 01 55
216+  8A6C 01 C6 01 D5
216+  8A70 01 F7 01 51
216+  8A74 01 5F 04 FF
216+  8A78 01 DF
217+  8A7A 5C FF 01 7F            DEFB 92, 255, 1, 127, 51, 255, 1, 238, 1, 2, 1, 161, 1, 95, 1, 219, 1, 192, 1, 0, 1, 31
217+  8A7E 33 FF 01 EE
217+  8A82 01 02 01 A1
217+  8A86 01 5F 01 DB
217+  8A8A 01 C0 01 00
217+  8A8E 01 1F
218+  8A90 01 5D 01 7F            DEFB 1, 93, 1, 127, 5, 255, 1, 254, 12, 255, 1, 243, 1, 4, 1, 0, 1, 185, 1, 213, 1, 85
218+  8A94 05 FF 01 FE
218+  8A98 0C FF 01 F3
218+  8A9C 01 04 01 00
218+  8AA0 01 B9 01 D5
218+  8AA4 01 55
219+  8AA6 01 58 01 00            DEFB 1, 88, 1, 0, 1, 1, 1, 226, 1, 42, 1, 170, 1, 255, 1, 235, 1, 254, 1, 7, 14, 255
219+  8AAA 01 01 01 E2
219+  8AAE 01 2A 01 AA
219+  8AB2 01 FF 01 EB
219+  8AB6 01 FE 01 07
219+  8ABA 0E FF
220+  8ABC 01 FE 01 AA            DEFB 1, 254, 1, 170, 1, 160, 1, 170, 1, 175, 1, 198, 2, 0, 1, 16, 1, 0, 1, 3, 1, 232
220+  8AC0 01 A0 01 AA
220+  8AC4 01 AF 01 C6
220+  8AC8 02 00 01 10
220+  8ACC 01 00 01 03
220+  8AD0 01 E8
221+  8AD2 03 00 01 7C            DEFB 3, 0, 1, 124, 1, 28, 1, 235, 19, 255, 1, 252, 1, 77, 1, 92, 1, 197, 1, 84, 1, 215
221+  8AD6 01 1C 01 EB
221+  8ADA 13 FF 01 FC
221+  8ADE 01 4D 01 5C
221+  8AE2 01 C5 01 54
221+  8AE6 01 D7
222+  8AE8 01 35 01 D6            DEFB 1, 53, 1, 214, 1, 204, 1, 247, 1, 21, 1, 63, 22, 255, 1, 226, 1, 34, 1, 42, 1, 34
222+  8AEC 01 CC 01 F7
222+  8AF0 01 15 01 3F
222+  8AF4 16 FF 01 E2
222+  8AF8 01 22 01 2A
222+  8AFC 01 22
223+  8AFE 01 38 01 AE            DEFB 1, 56, 1, 174, 1, 34, 1, 56, 22, 255, 1, 127, 82, 255, 1, 254, 13, 255, 1, 219, 1, 149
223+  8B02 01 22 01 38
223+  8B06 16 FF 01 7F
223+  8B0A 52 FF 01 FE
223+  8B0E 0D FF 01 DB
223+  8B12 01 95
224+  8B14 01 5C 01 FE            DEFB 1, 92, 1, 254, 1, 124, 3, 0, 1, 254, 1, 191, 10, 255, 1, 247, 7, 255, 1, 204, 1, 16
224+  8B18 01 7C 03 00
224+  8B1C 01 FE 01 BF
224+  8B20 0A FF 01 F7
224+  8B24 07 FF 01 CC
224+  8B28 01 10
225+  8B2A 01 01 01 47            DEFB 1, 1, 1, 71, 1, 250, 1, 170, 1, 224, 2, 0, 1, 31, 1, 85, 1, 87, 1, 255, 1, 245
225+  8B2E 01 FA 01 AA
225+  8B32 01 E0 02 00
225+  8B36 01 1F 01 55
225+  8B3A 01 57 01 FF
225+  8B3E 01 F5
226+  8B40 01 81 01 FB            DEFB 1, 129, 1, 251, 14, 255, 1, 253, 3, 85, 1, 95, 1, 216, 2, 0, 1, 16, 1, 33, 1, 229
226+  8B44 0E FF 01 FD
226+  8B48 03 55 01 5F
226+  8B4C 01 D8 02 00
226+  8B50 01 10 01 21
226+  8B54 01 E5
227+  8B56 01 E8 02 00            DEFB 1, 232, 2, 0, 1, 1, 1, 128, 1, 243, 1, 55, 19, 255, 1, 253, 1, 213, 3, 85, 1, 215
227+  8B5A 01 01 01 80
227+  8B5E 01 F3 01 37
227+  8B62 13 FF 01 FD
227+  8B66 01 D5 03 55
227+  8B6A 01 D7
228+  8B6C 01 5B 01 D6            DEFB 1, 91, 1, 214, 1, 213, 1, 247, 1, 85, 1, 95, 13, 255, 1, 127, 8, 255, 1, 238, 1, 170
228+  8B70 01 D5 01 F7
228+  8B74 01 55 01 5F
228+  8B78 0D FF 01 7F
228+  8B7C 08 FF 01 EE
228+  8B80 01 AA
229+  8B82 01 AB 01 6E            DEFB 1, 171, 1, 110, 1, 250, 1, 174, 1, 170, 1, 187, 36, 255, 1, 223, 26, 255, 1, 223, 26, 255
229+  8B86 01 FA 01 AE
229+  8B8A 01 AA 01 BB
229+  8B8E 24 FF 01 DF
229+  8B92 1A FF 01 DF
229+  8B96 1A FF
230+  8B98 01 FC 01 0F            DEFB 1, 252, 1, 15, 2, 255, 1, 224, 1, 127, 23, 255, 1, 213, 1, 106, 1, 191, 1, 57, 1, 135
230+  8B9C 02 FF 01 E0
230+  8BA0 01 7F 17 FF
230+  8BA4 01 D5 01 6A
230+  8BA8 01 BF 01 39
230+  8BAC 01 87
231+  8BAE 01 80 01 00            DEFB 1, 128, 1, 0, 1, 47, 1, 30, 1, 191, 18, 255, 1, 48, 1, 64, 1, 2, 1, 191, 1, 255
231+  8BB2 01 2F 01 1E
231+  8BB6 01 BF 12 FF
231+  8BBA 01 30 01 40
231+  8BBE 01 02 01 BF
231+  8BC2 01 FF
232+  8BC4 01 7D 01 80            DEFB 1, 125, 1, 128, 1, 15, 1, 248, 1, 1, 1, 234, 1, 175, 1, 255, 1, 244, 1, 126, 1, 5
232+  8BC8 01 0F 01 F8
232+  8BCC 01 01 01 EA
232+  8BD0 01 AF 01 FF
232+  8BD4 01 F4 01 7E
232+  8BD8 01 05
233+  8BDA 0E FF 01 FA            DEFB 14, 255, 1, 250, 1, 170, 1, 174, 1, 170, 1, 255, 1, 224, 2, 0, 1, 16, 1, 65, 1, 226
233+  8BDE 01 AA 01 AE
233+  8BE2 01 AA 01 FF
233+  8BE6 01 E0 02 00
233+  8BEA 01 10 01 41
233+  8BEE 01 E2
234+  8BF0 01 F4 02 00            DEFB 1, 244, 2, 0, 1, 6, 1, 31, 1, 180, 1, 119, 14, 255, 1, 251, 1, 117, 1, 87, 1, 221
234+  8BF4 01 06 01 1F
234+  8BF8 01 B4 01 77
234+  8BFC 0E FF 01 FB
234+  8C00 01 75 01 57
234+  8C04 01 DD
235+  8C06 01 FF 01 80            DEFB 1, 255, 1, 128, 2, 0, 1, 8, 1, 129, 1, 165, 1, 247, 1, 128, 1, 0, 1, 31, 1, 245
235+  8C0A 02 00 01 08
235+  8C0E 01 81 01 A5
235+  8C12 01 F7 01 80
235+  8C16 01 00 01 1F
235+  8C1A 01 F5
236+  8C1C 01 75 01 97            DEFB 1, 117, 1, 151, 14, 255, 1, 60, 1, 67, 1, 215, 1, 250, 1, 181, 1, 127, 1, 171, 1, 192
236+  8C20 0E FF 01 3C
236+  8C24 01 43 01 D7
236+  8C28 01 FA 01 B5
236+  8C2C 01 7F 01 AB
236+  8C30 01 C0
237+  8C32 05 00 01 06            DEFB 5, 0, 1, 6, 1, 8, 1, 85, 1, 95, 1, 251, 1, 255, 1, 225, 1, 246, 1, 34, 1, 63
237+  8C36 01 08 01 55
237+  8C3A 01 5F 01 FB
237+  8C3E 01 FF 01 E1
237+  8C42 01 F6 01 22
237+  8C46 01 3F
238+  8C48 02 FF 01 F3            DEFB 2, 255, 1, 243, 1, 191, 4, 255, 1, 189, 1, 204, 1, 159, 1, 215, 1, 234, 1, 175, 1, 254
238+  8C4C 01 BF 04 FF
238+  8C50 01 BD 01 CC
238+  8C54 01 9F 01 D7
238+  8C58 01 EA 01 AF
238+  8C5C 01 FE
239+  8C5E 03 AA 01 AE            DEFB 3, 170, 1, 174, 1, 248, 1, 7, 1, 252, 1, 0, 1, 170, 1, 191, 1, 249, 1, 142, 5, 255
239+  8C62 01 F8 01 07
239+  8C66 01 FC 01 00
239+  8C6A 01 AA 01 BF
239+  8C6E 01 F9 01 8E
239+  8C72 05 FF
240+  8C74 01 F7 01 C1            DEFB 1, 247, 1, 193, 1, 197, 1, 175, 4, 255, 1, 185, 1, 251, 1, 191, 1, 95, 1, 170, 1, 171
240+  8C78 01 C5 01 AF
240+  8C7C 04 FF 01 B9
240+  8C80 01 FB 01 BF
240+  8C84 01 5F 01 AA
240+  8C88 01 AB
241+  8C8A 01 C3 01 55            DEFB 1, 195, 1, 85, 1, 127, 1, 248, 1, 63, 1, 171, 1, 128, 1, 31, 1, 127, 1, 254, 1, 126
241+  8C8E 01 7F 01 F8
241+  8C92 01 3F 01 AB
241+  8C96 01 80 01 1F
241+  8C9A 01 7F 01 FE
241+  8C9E 01 7E
242+  8CA0 01 FD 01 FF            DEFB 1, 253, 1, 255, 1, 187, 2, 255, 1, 243, 1, 128, 1, 28, 1, 1, 1, 187, 6, 255, 1, 251
242+  8CA4 01 BB 02 FF
242+  8CA8 01 F3 01 80
242+  8CAC 01 1C 01 01
242+  8CB0 01 BB 06 FF
242+  8CB4 01 FB
243+  8CB6 01 FD 01 DF            DEFB 1, 253, 1, 223, 1, 252, 1, 61, 1, 171, 1, 232, 1, 47, 1, 127, 1, 234, 1, 197, 1, 101
243+  8CBA 01 FC 01 3D
243+  8CBE 01 AB 01 E8
243+  8CC2 01 2F 01 7F
243+  8CC6 01 EA 01 C5
243+  8CCA 01 65
244+  8CCC 01 7D 01 7A            DEFB 1, 125, 1, 122, 1, 175, 1, 255, 1, 207, 1, 255, 1, 251, 1, 3, 1, 28, 1, 0, 1, 135
244+  8CD0 01 AF 01 FF
244+  8CD4 01 CF 01 FF
244+  8CD8 01 FB 01 03
244+  8CDC 01 1C 01 00
244+  8CE0 01 87
245+  8CE2 01 03 01 BF            DEFB 1, 3, 1, 191, 1, 223, 2, 255, 1, 223, 8, 255, 1, 248, 1, 122, 1, 190, 1, 125, 1, 170
245+  8CE6 01 DF 02 FF
245+  8CEA 01 DF 08 FF
245+  8CEE 01 F8 01 7A
245+  8CF2 01 BE 01 7D
245+  8CF6 01 AA
246+  8CF8 01 AC 01 5E            DEFB 1, 172, 1, 94, 1, 29, 1, 247, 1, 255, 1, 191, 3, 255, 1, 189, 1, 192, 1, 28, 1, 17
246+  8CFC 01 1D 01 F7
246+  8D00 01 FF 01 BF
246+  8D04 03 FF 01 BD
246+  8D08 01 C0 01 1C
246+  8D0C 01 11
247+  8D0E 01 BE 11 FF            DEFB 1, 190, 17, 255, 1, 253, 1, 182, 1, 62, 1, 85, 1, 231, 5, 255, 1, 254, 1, 253, 1, 193
247+  8D12 01 FD 01 B6
247+  8D16 01 3E 01 55
247+  8D1A 01 E7 05 FF
247+  8D1E 01 FE 01 FD
247+  8D22 01 C1
248+  8D24 01 BE 04 FF            DEFB 1, 190, 4, 255, 1, 60, 10, 0, 5, 255, 1, 224, 1, 127, 7, 255, 1, 254, 1, 238, 10, 255
248+  8D28 01 3C 0A 00
248+  8D2C 05 FF 01 E0
248+  8D30 01 7F 07 FF
248+  8D34 01 FE 01 EE
248+  8D38 0A FF
249+  8D3A 01 F7 01 8F            DEFB 1, 247, 1, 143, 1, 171, 1, 255, 1, 254, 3, 0, 1, 4, 1, 1, 1, 162, 1, 255, 1, 248
249+  8D3E 01 AB 01 FF
249+  8D42 01 FE 03 00
249+  8D46 01 04 01 01
249+  8D4A 01 A2 01 FF
249+  8D4E 01 F8
250+  8D50 01 00 01 7E            DEFB 1, 0, 1, 126, 1, 170, 1, 190, 1, 119, 13, 255, 1, 252, 1, 194, 1, 77, 1, 235, 1, 245
250+  8D54 01 AA 01 BE
250+  8D58 01 77 0D FF
250+  8D5C 01 FC 01 C2
250+  8D60 01 4D 01 EB
250+  8D64 01 F5
251+  8D66 01 55 01 7F            DEFB 1, 85, 1, 127, 1, 85, 1, 124, 5, 0, 1, 24, 1, 32, 1, 42, 1, 175, 1, 253, 1, 255
251+  8D6A 01 55 01 7C
251+  8D6E 05 00 01 18
251+  8D72 01 20 01 2A
251+  8D76 01 AF 01 FD
251+  8D7A 01 FF
252+  8D7C 01 DE 01 E6            DEFB 1, 222, 1, 230, 1, 170, 1, 191, 2, 255, 1, 204, 1, 95, 4, 255, 1, 219, 1, 131, 1, 127
252+  8D80 01 AA 01 BF
252+  8D84 02 FF 01 CC
252+  8D88 01 5F 04 FF
252+  8D8C 01 DB 01 83
252+  8D90 01 7F
253+  8D92 01 AF 01 D5            DEFB 1, 175, 1, 213, 1, 87, 1, 253, 1, 87, 1, 117, 1, 85, 1, 110, 1, 248, 1, 26, 1, 170
253+  8D96 01 57 01 FD
253+  8D9A 01 57 01 75
253+  8D9E 01 55 01 6E
253+  8DA2 01 F8 01 1A
253+  8DA6 01 AA
254+  8DA8 01 01 01 55            DEFB 1, 1, 1, 85, 1, 255, 1, 250, 1, 46, 5, 255, 1, 204, 1, 224, 1, 227, 1, 111, 4, 255
254+  8DAC 01 FF 01 FA
254+  8DB0 01 2E 05 FF
254+  8DB4 01 CC 01 E0
254+  8DB8 01 E3 01 6F
254+  8DBC 04 FF
255+  8DBE 01 B9 01 E3            DEFB 1, 185, 1, 227, 1, 248, 1, 191, 1, 85, 1, 87, 1, 131, 1, 234, 1, 175, 1, 240, 1, 255
255+  8DC2 01 F8 01 BF
255+  8DC6 01 55 01 57
255+  8DCA 01 83 01 EA
255+  8DCE 01 AF 01 F0
255+  8DD2 01 FF
256+  8DD4 01 D7 01 00            DEFB 1, 215, 1, 0, 1, 126, 1, 191, 1, 249, 2, 253, 1, 255, 1, 127, 2, 255, 1, 207, 1, 131
256+  8DD8 01 7E 01 BF
256+  8DDC 01 F9 02 FD
256+  8DE0 01 FF 01 7F
256+  8DE4 02 FF 01 CF
256+  8DE8 01 83
257+  8DEA 01 0E 01 00            DEFB 1, 14, 1, 0, 1, 247, 6, 255, 1, 253, 1, 251, 1, 63, 1, 255, 1, 193, 1, 87, 1, 213
257+  8DEE 01 F7 06 FF
257+  8DF2 01 FD 01 FB
257+  8DF6 01 3F 01 FF
257+  8DFA 01 C1 01 57
257+  8DFE 01 D5
258+  8E00 02 7F 01 D5            DEFB 2, 127, 1, 213, 1, 235, 1, 237, 1, 254, 1, 250, 1, 191, 1, 255, 1, 63, 1, 255, 1, 250
258+  8E04 01 EB 01 ED
258+  8E08 01 FE 01 FA
258+  8E0C 01 BF 01 FF
258+  8E10 01 3F 01 FF
258+  8E14 01 FA
259+  8E16 01 FC 01 0E            DEFB 1, 252, 1, 14, 1, 0, 1, 67, 1, 131, 1, 127, 1, 191, 12, 255, 1, 135, 1, 217, 1, 253
259+  8E1A 01 00 01 43
259+  8E1E 01 83 01 7F
259+  8E22 01 BF 0C FF
259+  8E26 01 87 01 D9
259+  8E2A 01 FD
260+  8E2C 01 F5 01 70            DEFB 1, 245, 1, 112, 1, 216, 1, 122, 1, 239, 1, 255, 1, 191, 3, 255, 1, 190, 1, 224, 1, 14
260+  8E30 01 D8 01 7A
260+  8E34 01 EF 01 FF
260+  8E38 01 BF 03 FF
260+  8E3C 01 BE 01 E0
260+  8E40 01 0E
261+  8E42 01 0B 01 7D            DEFB 1, 11, 1, 125, 17, 255, 1, 254, 1, 203, 1, 185, 1, 235, 1, 223, 6, 255, 1, 126, 1, 227
261+  8E46 11 FF 01 FE
261+  8E4A 01 CB 01 B9
261+  8E4E 01 EB 01 DF
261+  8E52 06 FF 01 7E
261+  8E56 01 E3
262+  8E58 01 7D 04 FF            DEFB 1, 125, 4, 255, 1, 66, 1, 24, 2, 60, 1, 126, 1, 0, 1, 254, 1, 60, 1, 62, 1, 254
262+  8E5C 01 42 01 18
262+  8E60 02 3C 01 7E
262+  8E64 01 00 01 FE
262+  8E68 01 3C 01 3E
262+  8E6C 01 FE
263+  8E6E 01 3C 0F FF            DEFB 1, 60, 15, 255, 1, 109, 10, 255, 1, 246, 1, 0, 1, 247, 1, 255, 1, 248, 1, 112, 2, 0
263+  8E72 01 6D 0A FF
263+  8E76 01 F6 01 00
263+  8E7A 01 F7 01 FF
263+  8E7E 01 F8 01 70
263+  8E82 02 00
264+  8E84 01 03 01 01            DEFB 1, 3, 1, 1, 1, 229, 1, 255, 1, 239, 1, 129, 1, 213, 1, 85, 1, 89, 1, 151, 13, 255
264+  8E88 01 E5 01 FF
264+  8E8C 01 EF 01 81
264+  8E90 01 D5 01 55
264+  8E94 01 59 01 97
264+  8E98 0D FF
265+  8E9A 01 F3 01 0A            DEFB 1, 243, 1, 10, 1, 117, 1, 215, 1, 234, 1, 183, 1, 126, 1, 170, 1, 171, 1, 192, 4, 0
265+  8E9E 01 75 01 D7
265+  8EA2 01 EA 01 B7
265+  8EA6 01 7E 01 AA
265+  8EAA 01 AB 01 C0
265+  8EAE 04 00
266+  8EB0 01 60 01 80            DEFB 1, 96, 1, 128, 1, 21, 1, 95, 1, 253, 1, 255, 1, 210, 1, 246, 1, 171, 1, 191, 1, 254
266+  8EB4 01 15 01 5F
266+  8EB8 01 FD 01 FF
266+  8EBC 01 D2 01 F6
266+  8EC0 01 AB 01 BF
266+  8EC4 01 FE
267+  8EC6 01 3F 01 33            DEFB 1, 63, 1, 51, 1, 95, 4, 255, 1, 236, 1, 185, 1, 249, 1, 215, 2, 170, 1, 250, 1, 168
267+  8ECA 01 5F 04 FF
267+  8ECE 01 EC 01 B9
267+  8ED2 01 F9 01 D7
267+  8ED6 02 AA 01 FA
267+  8EDA 01 A8
268+  8EDC 01 0F 02 AA            DEFB 1, 15, 2, 170, 1, 248, 1, 53, 1, 85, 1, 10, 1, 171, 1, 255, 1, 154, 1, 190, 5, 255
268+  8EE0 01 F8 01 35
268+  8EE4 01 55 01 0A
268+  8EE8 01 AB 01 FF
268+  8EEC 01 9A 01 BE
268+  8EF0 05 FF
269+  8EF2 01 30 01 70            DEFB 1, 48, 1, 112, 1, 118, 1, 223, 4, 255, 1, 189, 1, 131, 1, 231, 1, 94, 1, 170, 1, 171
269+  8EF6 01 76 01 DF
269+  8EFA 04 FF 01 BD
269+  8EFE 01 83 01 E7
269+  8F02 01 5E 01 AA
269+  8F06 01 AB
270+  8F08 01 C0 01 3D            DEFB 1, 192, 1, 61, 1, 87, 1, 195, 1, 255, 1, 170, 1, 241, 1, 255, 1, 127, 1, 231, 1, 253
270+  8F0C 01 57 01 C3
270+  8F10 01 FF 01 AA
270+  8F14 01 F1 01 FF
270+  8F18 01 7F 01 E7
270+  8F1C 01 FD
271+  8F1E 01 FF 01 FC            DEFB 1, 255, 1, 252, 1, 255, 1, 3, 1, 255, 1, 49, 1, 193, 1, 135, 1, 4, 1, 111, 6, 255
271+  8F22 01 FF 01 03
271+  8F26 01 FF 01 31
271+  8F2A 01 C1 01 87
271+  8F2E 01 04 01 6F
271+  8F32 06 FF
272+  8F34 01 FE 01 7C            DEFB 1, 254, 1, 124, 2, 255, 1, 250, 1, 171, 1, 170, 1, 239, 1, 127, 1, 235, 1, 215, 1, 239
272+  8F38 02 FF 01 FA
272+  8F3C 01 AB 01 AA
272+  8F40 01 EF 01 7F
272+  8F44 01 EB 01 D7
272+  8F48 01 EF
273+  8F4A 01 E5 01 7A            DEFB 1, 229, 1, 122, 1, 252, 1, 124, 2, 255, 1, 251, 1, 40, 1, 7, 1, 4, 1, 33, 1, 198
273+  8F4E 01 FC 01 7C
273+  8F52 02 FF 01 FB
273+  8F56 01 28 01 07
273+  8F5A 01 04 01 21
273+  8F5E 01 C6
274+  8F60 01 FE 01 7F            DEFB 1, 254, 1, 127, 4, 255, 1, 247, 7, 255, 1, 248, 1, 103, 1, 254, 1, 30, 1, 197, 1, 89
274+  8F64 04 FF 01 F7
274+  8F68 07 FF 01 F8
274+  8F6C 01 67 01 FE
274+  8F70 01 1E 01 C5
274+  8F74 01 59
275+  8F76 01 B5 01 EF            DEFB 1, 181, 1, 239, 1, 254, 1, 127, 3, 255, 1, 191, 1, 112, 1, 7, 1, 6, 1, 251, 18, 255
275+  8F7A 01 FE 01 7F
275+  8F7E 03 FF 01 BF
275+  8F82 01 70 01 07
275+  8F86 01 06 01 FB
275+  8F8A 12 FF
276+  8F8C 01 3A 01 67            DEFB 1, 58, 1, 103, 1, 215, 1, 63, 6, 255, 1, 191, 1, 126, 1, 251, 4, 255, 1, 90, 1, 40
276+  8F90 01 D7 01 3F
276+  8F94 06 FF 01 BF
276+  8F98 01 7E 01 FB
276+  8F9C 04 FF 01 5A
276+  8FA0 01 28
277+  8FA2 02 42 01 02            DEFB 2, 66, 1, 2, 1, 0, 1, 16, 1, 66, 1, 8, 1, 16, 1, 66, 15, 255, 1, 171, 10, 255
277+  8FA6 01 00 01 10
277+  8FAA 01 42 01 08
277+  8FAE 01 10 01 42
277+  8FB2 0F FF 01 AB
277+  8FB6 0A FF
278+  8FB8 01 E8 01 01            DEFB 1, 232, 1, 1, 1, 235, 1, 255, 1, 225, 1, 136, 3, 0, 1, 240, 1, 7, 1, 255, 1, 212
278+  8FBC 01 EB 01 FF
278+  8FC0 01 E1 01 88
278+  8FC4 03 00 01 F0
278+  8FC8 01 07 01 FF
278+  8FCC 01 D4
279+  8FCE 01 7E 02 AA            DEFB 1, 126, 2, 170, 1, 186, 1, 59, 13, 255, 1, 236, 1, 22, 1, 87, 1, 235, 1, 245, 1, 88
279+  8FD2 01 BA 01 3B
279+  8FD6 0D FF 01 EC
279+  8FDA 01 16 01 57
279+  8FDE 01 EB 01 F5
279+  8FE2 01 58
280+  8FE4 01 FF 02 55            DEFB 1, 255, 2, 85, 1, 124, 3, 0, 1, 1, 1, 130, 1, 0, 1, 31, 1, 255, 1, 253, 1, 255
280+  8FE8 01 7C 03 00
280+  8FEC 01 01 01 82
280+  8FF0 01 00 01 1F
280+  8FF4 01 FF 01 FD
280+  8FF8 01 FF
281+  8FFA 01 D6 01 F6            DEFB 1, 214, 1, 246, 1, 35, 1, 191, 1, 253, 1, 220, 1, 216, 1, 175, 4, 255, 1, 240, 1, 197
281+  8FFE 01 23 01 BF
281+  9002 01 FD 01 DC
281+  9006 01 D8 01 AF
281+  900A 04 FF 01 F0
281+  900E 01 C5
282+  9010 01 E1 01 AF            DEFB 1, 225, 1, 175, 1, 213, 1, 85, 1, 253, 1, 112, 1, 0, 1, 253, 1, 106, 1, 245, 1, 106
282+  9014 01 D5 01 55
282+  9018 01 FD 01 70
282+  901C 01 00 01 FD
282+  9020 01 6A 01 F5
282+  9024 01 6A
283+  9026 01 AA 01 D5            DEFB 1, 170, 1, 213, 1, 87, 1, 254, 1, 122, 1, 243, 1, 127, 3, 255, 1, 252, 1, 192, 1, 56
283+  902A 01 57 01 FE
283+  902E 01 7A 01 F3
283+  9032 01 7F 03 FF
283+  9036 01 FC 01 C0
283+  903A 01 38
284+  903C 01 3D 01 DF            DEFB 1, 61, 1, 223, 1, 239, 3, 255, 1, 219, 1, 99, 1, 158, 1, 191, 1, 85, 1, 87, 1, 252
284+  9040 01 EF 03 FF
284+  9044 01 DB 01 63
284+  9048 01 9E 01 BF
284+  904C 01 55 01 57
284+  9050 01 FC
285+  9052 01 03 01 EF            DEFB 1, 3, 1, 239, 1, 15, 1, 255, 1, 84, 1, 15, 1, 206, 1, 191, 1, 159, 1, 253, 1, 255
285+  9056 01 0F 01 FF
285+  905A 01 54 01 0F
285+  905E 01 CE 01 BF
285+  9062 01 9F 01 FD
285+  9066 01 FF
286+  9068 01 F3 01 FE            DEFB 1, 243, 1, 254, 1, 253, 1, 252, 1, 208, 1, 224, 1, 195, 1, 204, 1, 95, 7, 255, 1, 131
286+  906C 01 FD 01 FC
286+  9070 01 D0 01 E0
286+  9074 01 C3 01 CC
286+  9078 01 5F 07 FF
286+  907C 01 83
287+  907E 02 FF 01 FB            DEFB 2, 255, 1, 251, 1, 87, 1, 213, 1, 126, 1, 255, 1, 215, 1, 159, 1, 207, 1, 158, 1, 247
287+  9082 01 57 01 D5
287+  9086 01 7E 01 FF
287+  908A 01 D7 01 9F
287+  908E 01 CF 01 9E
287+  9092 01 F7
288+  9094 01 F1 01 D3            DEFB 1, 241, 1, 211, 2, 255, 1, 253, 1, 248, 1, 3, 1, 130, 1, 16, 1, 253, 1, 241, 14, 255
288+  9098 02 FF 01 FD
288+  909C 01 F8 01 03
288+  90A0 01 82 01 10
288+  90A4 01 FD 01 F1
288+  90A8 0E FF
289+  90AA 01 9F 01 FF            DEFB 1, 159, 1, 255, 1, 225, 1, 234, 1, 222, 1, 187, 1, 239, 1, 249, 4, 255, 1, 223, 1, 184
289+  90AE 01 E1 01 EA
289+  90B2 01 DE 01 BB
289+  90B6 01 EF 01 F9
289+  90BA 04 FF 01 DF
289+  90BE 01 B8
290+  90C0 01 03 01 8D            DEFB 1, 3, 1, 141, 1, 247, 18, 255, 1, 251, 1, 159, 1, 238, 7, 255, 1, 223, 1, 189, 1, 247
290+  90C4 01 F7 12 FF
290+  90C8 01 FB 01 9F
290+  90CC 01 EE 07 FF
290+  90D0 01 DF 01 BD
290+  90D4 01 F7
291+  90D6 04 FF 01 52            DEFB 4, 255, 1, 82, 1, 8, 1, 66, 1, 60, 1, 4, 1, 0, 1, 16, 1, 66, 1, 8, 1, 16
291+  90DA 01 08 01 42
291+  90DE 01 3C 01 04
291+  90E2 01 00 01 10
291+  90E6 01 42 01 08
291+  90EA 01 10
292+  90EC 01 42 05 FF            DEFB 1, 66, 5, 255, 1, 247, 9, 255, 1, 215, 10, 255, 1, 208, 1, 7, 1, 245, 1, 255, 1, 135
292+  90F0 01 F7 09 FF
292+  90F4 01 D7 0A FF
292+  90F8 01 D0 01 07
292+  90FC 01 F5 01 FF
292+  9100 01 87
293+  9102 01 0C 03 00            DEFB 1, 12, 3, 0, 1, 15, 1, 255, 1, 254, 1, 170, 1, 7, 1, 213, 1, 85, 1, 90, 1, 187
293+  9106 01 0F 01 FF
293+  910A 01 FE 01 AA
293+  910E 01 07 01 D5
293+  9112 01 55 01 5A
293+  9116 01 BB
294+  9118 0B FF 01 7F            DEFB 11, 255, 1, 127, 1, 255, 1, 222, 1, 174, 1, 223, 1, 215, 1, 234, 1, 175, 1, 254, 2, 170
294+  911C 01 FF 01 DE
294+  9120 01 AE 01 DF
294+  9124 01 D7 01 EA
294+  9128 01 AF 01 FE
294+  912C 02 AA
295+  912E 01 AB 01 C0            DEFB 1, 171, 1, 192, 1, 224, 1, 0, 1, 6, 1, 8, 1, 0, 1, 175, 1, 255, 1, 253, 1, 255
295+  9132 01 E0 01 00
295+  9136 01 06 01 08
295+  913A 01 00 01 AF
295+  913E 01 FF 01 FD
295+  9142 01 FF
296+  9144 01 D2 01 F7            DEFB 1, 210, 1, 247, 1, 171, 1, 127, 1, 250, 1, 35, 1, 12, 1, 175, 4, 255, 1, 243, 1, 13
296+  9148 01 AB 01 7F
296+  914C 01 FA 01 23
296+  9150 01 0C 01 AF
296+  9154 04 FF 01 F3
296+  9158 01 0D
297+  915A 01 87 01 5F            DEFB 1, 135, 1, 95, 2, 170, 1, 250, 1, 222, 1, 1, 1, 138, 1, 174, 1, 250, 1, 213, 1, 85
297+  915E 02 AA 01 FA
297+  9162 01 DE 01 01
297+  9166 01 8A 01 AE
297+  916A 01 FA 01 D5
297+  916E 01 55
298+  9170 01 6A 01 BF            DEFB 1, 106, 1, 191, 1, 255, 1, 155, 1, 199, 1, 127, 3, 255, 1, 243, 1, 193, 1, 28, 1, 59
298+  9174 01 FF 01 9B
298+  9178 01 C7 01 7F
298+  917C 03 FF 01 F3
298+  9180 01 C1 01 1C
298+  9184 01 3B
299+  9186 01 BF 04 FF            DEFB 1, 191, 4, 255, 1, 236, 1, 154, 1, 125, 1, 126, 1, 170, 2, 171, 1, 192, 2, 60, 1, 238
299+  918A 01 EC 01 9A
299+  918E 01 7D 01 7E
299+  9192 01 AA 02 AB
299+  9196 01 C0 02 3C
299+  919A 01 EE
300+  919C 01 AC 01 07            DEFB 1, 172, 1, 7, 1, 15, 1, 126, 1, 127, 1, 253, 1, 255, 1, 207, 1, 253, 1, 2, 1, 243
300+  91A0 01 0F 01 7E
300+  91A4 01 7F 01 FD
300+  91A8 01 FF 01 CF
300+  91AC 01 FD 01 02
300+  91B0 01 F3
301+  91B2 01 80 01 70            DEFB 1, 128, 1, 112, 1, 97, 1, 240, 1, 95, 10, 255, 1, 250, 1, 171, 1, 170, 1, 238, 1, 254
301+  91B6 01 61 01 F0
301+  91BA 01 5F 0A FF
301+  91BE 01 FA 01 AB
301+  91C2 01 AA 01 EE
301+  91C6 01 FE
302+  91C8 01 AB 01 9F            DEFB 1, 171, 1, 159, 1, 14, 1, 125, 1, 119, 1, 199, 1, 207, 2, 255, 1, 253, 1, 252, 1, 1
302+  91CC 01 0E 01 7D
302+  91D0 01 77 01 C7
302+  91D4 01 CF 02 FF
302+  91D8 01 FD 01 FC
302+  91DC 01 01
303+  91DE 01 C1 01 08            DEFB 1, 193, 1, 8, 1, 123, 1, 239, 16, 255, 1, 251, 1, 215, 1, 218, 1, 245, 1, 239, 1, 231
303+  91E2 01 7B 01 EF
303+  91E6 10 FF 01 FB
303+  91EA 01 D7 01 DA
303+  91EE 01 F5 01 EF
303+  91F2 01 E7
304+  91F4 02 FF 01 BF            DEFB 2, 255, 1, 191, 1, 255, 1, 239, 1, 220, 1, 1, 1, 251, 1, 239, 18, 255, 1, 253, 1, 255
304+  91F8 01 FF 01 EF
304+  91FC 01 DC 01 01
304+  9200 01 FB 01 EF
304+  9204 12 FF 01 FD
304+  9208 01 FF
305+  920A 01 DD 07 FF            DEFB 1, 221, 7, 255, 1, 239, 1, 219, 1, 239, 4, 255, 1, 90, 1, 8, 1, 62, 1, 66, 1, 8
305+  920E 01 EF 01 DB
305+  9212 01 EF 04 FF
305+  9216 01 5A 01 08
305+  921A 01 3E 01 42
305+  921E 01 08
306+  9220 01 00 01 10            DEFB 1, 0, 1, 16, 1, 126, 1, 8, 1, 16, 1, 66, 15, 255, 1, 239, 10, 255, 1, 175, 1, 31
306+  9224 01 7E 01 08
306+  9228 01 10 01 42
306+  922C 0F FF 01 EF
306+  9230 0A FF 01 AF
306+  9234 01 1F
307+  9236 01 EB 01 FE            DEFB 1, 235, 1, 254, 1, 8, 1, 156, 3, 0, 1, 1, 1, 255, 1, 253, 1, 84, 1, 0, 1, 106
307+  923A 01 08 01 9C
307+  923E 03 00 01 01
307+  9242 01 FF 01 FD
307+  9246 01 54 01 00
307+  924A 01 6A
308+  924C 01 AA 01 BA            DEFB 1, 170, 1, 186, 1, 251, 13, 255, 1, 189, 1, 126, 1, 254, 1, 111, 1, 245, 1, 95, 1, 253
308+  9250 01 FB 0D FF
308+  9254 01 BD 01 7E
308+  9258 01 FE 01 6F
308+  925C 01 F5 01 5F
308+  9260 01 FD
309+  9262 03 55 01 7F            DEFB 3, 85, 1, 127, 1, 16, 1, 0, 1, 24, 1, 32, 1, 1, 1, 87, 1, 255, 1, 229, 1, 255
309+  9266 01 10 01 00
309+  926A 01 18 01 20
309+  926E 01 01 01 57
309+  9272 01 FF 01 E5
309+  9276 01 FF
310+  9278 01 DE 01 F6            DEFB 1, 222, 1, 246, 1, 171, 1, 127, 1, 244, 1, 30, 1, 6, 1, 47, 4, 255, 1, 236, 1, 21
310+  927C 01 AB 01 7F
310+  9280 01 F4 01 1E
310+  9284 01 06 01 2F
310+  9288 04 FF 01 EC
310+  928C 01 15
311+  928E 01 9B 01 AF            DEFB 1, 155, 1, 175, 1, 213, 1, 85, 1, 247, 1, 193, 1, 230, 1, 61, 1, 113, 1, 245, 1, 175
311+  9292 01 D5 01 55
311+  9296 01 F7 01 C1
311+  929A 01 E6 01 3D
311+  929E 01 71 01 F5
311+  92A2 01 AF
312+  92A4 01 AA 01 F5            DEFB 1, 170, 1, 245, 1, 255, 1, 254, 1, 61, 1, 23, 1, 127, 3, 255, 1, 204, 1, 225, 1, 142
312+  92A8 01 FF 01 FE
312+  92AC 01 3D 01 17
312+  92B0 01 7F 03 FF
312+  92B4 01 CC 01 E1
312+  92B8 01 8E
313+  92BA 01 37 01 7F            DEFB 1, 55, 1, 127, 4, 255, 1, 243, 1, 237, 1, 254, 1, 191, 1, 213, 1, 87, 1, 129, 1, 124
313+  92BE 04 FF 01 F3
313+  92C2 01 ED 01 FE
313+  92C6 01 BF 01 D5
313+  92CA 01 57 01 81
313+  92CE 01 7C
314+  92D0 01 00 01 F3            DEFB 1, 0, 1, 243, 1, 245, 1, 87, 1, 196, 1, 62, 1, 185, 1, 231, 1, 253, 1, 255, 1, 63
314+  92D4 01 F5 01 57
314+  92D8 01 C4 01 3E
314+  92DC 01 B9 01 E7
314+  92E0 01 FD 01 FF
314+  92E4 01 3F
315+  92E6 01 FA 01 01            DEFB 1, 250, 1, 1, 1, 76, 1, 128, 1, 56, 1, 48, 1, 224, 1, 223, 10, 255, 1, 253, 1, 215
315+  92EA 01 4C 01 80
315+  92EE 01 38 01 30
315+  92F2 01 E0 01 DF
315+  92F6 0A FF 01 FD
315+  92FA 01 D7
316+  92FC 01 D5 01 DE            DEFB 1, 213, 1, 222, 1, 248, 1, 215, 1, 220, 1, 201, 1, 250, 1, 247, 1, 30, 1, 95, 2, 255
316+  9300 01 F8 01 D7
316+  9304 01 DC 01 C9
316+  9308 01 FA 01 F7
316+  930C 01 1E 01 5F
316+  9310 02 FF
317+  9312 01 FE 01 EE            DEFB 1, 254, 1, 238, 1, 0, 1, 224, 1, 132, 1, 119, 1, 223, 16, 255, 1, 251, 1, 159, 1, 155
317+  9316 01 00 01 E0
317+  931A 01 84 01 77
317+  931E 01 DF 10 FF
317+  9322 01 FB 01 9F
317+  9326 01 9B
318+  9328 01 EB 01 EF            DEFB 1, 235, 1, 239, 1, 159, 4, 255, 1, 247, 1, 238, 1, 0, 1, 247, 1, 223, 18, 255, 1, 254
318+  932C 01 9F 04 FF
318+  9330 01 F7 01 EE
318+  9334 01 00 01 F7
318+  9338 01 DF 12 FF
318+  933C 01 FE
319+  933E 01 FF 01 BB            DEFB 1, 255, 1, 187, 7, 255, 1, 247, 1, 231, 1, 223, 4, 255, 1, 66, 1, 8, 1, 2, 1, 66
319+  9342 07 FF 01 F7
319+  9346 01 E7 01 DF
319+  934A 04 FF 01 42
319+  934E 01 08 01 02
319+  9352 01 42
320+  9354 01 10 01 00            DEFB 1, 16, 1, 0, 1, 16, 1, 66, 1, 8, 1, 16, 1, 66, 26, 255, 1, 160, 1, 252, 1, 245
320+  9358 01 10 01 42
320+  935C 01 08 01 10
320+  9360 01 42 1A FF
320+  9364 01 A0 01 FC
320+  9368 01 F5
321+  936A 01 FA 01 17            DEFB 1, 250, 1, 23, 1, 127, 1, 192, 3, 0, 1, 63, 1, 170, 1, 160, 1, 0, 1, 125, 1, 85
321+  936E 01 7F 01 C0
321+  9372 03 00 01 3F
321+  9376 01 AA 01 A0
321+  937A 01 00 01 7D
321+  937E 01 55
322+  9380 01 5B 01 FB            DEFB 1, 91, 1, 251, 13, 255, 1, 185, 1, 252, 1, 249, 1, 215, 1, 234, 1, 175, 1, 254, 3, 170
322+  9384 0D FF 01 B9
322+  9388 01 FC 01 F9
322+  938C 01 D7 01 EA
322+  9390 01 AF 01 FE
322+  9394 03 AA
323+  9396 01 AE 01 18            DEFB 1, 174, 1, 24, 1, 0, 1, 96, 1, 128, 1, 10, 1, 175, 1, 255, 1, 158, 1, 255, 1, 225
323+  939A 01 00 01 60
323+  939E 01 80 01 0A
323+  93A2 01 AF 01 FF
323+  93A6 01 9E 01 FF
323+  93AA 01 E1
324+  93AC 01 E2 01 23            DEFB 1, 226, 1, 35, 1, 127, 1, 246, 1, 55, 1, 19, 1, 111, 4, 255, 1, 222, 1, 173, 1, 235
324+  93B0 01 7F 01 F6
324+  93B4 01 37 01 13
324+  93B8 01 6F 04 FF
324+  93BC 01 DE 01 AD
324+  93C0 01 EB
325+  93C2 01 5F 01 AA            DEFB 1, 95, 1, 170, 1, 171, 1, 255, 1, 124, 1, 24, 1, 254, 1, 191, 1, 235, 1, 88, 1, 253
325+  93C6 01 AB 01 FF
325+  93CA 01 7C 01 18
325+  93CE 01 FE 01 BF
325+  93D2 01 EB 01 58
325+  93D6 01 FD
326+  93D8 01 7F 01 FF            DEFB 1, 127, 1, 255, 1, 254, 1, 189, 1, 95, 1, 127, 3, 255, 1, 52, 1, 112, 1, 199, 1, 238
326+  93DC 01 FE 01 BD
326+  93E0 01 5F 01 7F
326+  93E4 03 FF 01 34
326+  93E8 01 70 01 C7
326+  93EC 01 EE
327+  93EE 06 FF 01 EF            DEFB 6, 255, 1, 239, 1, 253, 1, 120, 1, 62, 1, 175, 1, 168, 1, 235, 1, 195, 1, 207, 1, 234
327+  93F2 01 FD 01 78
327+  93F6 01 3E 01 AF
327+  93FA 01 A8 01 EB
327+  93FE 01 C3 01 CF
327+  9402 01 EA
328+  9404 01 AC 01 24            DEFB 1, 172, 1, 36, 1, 221, 1, 123, 1, 143, 1, 255, 1, 252, 1, 255, 1, 250, 1, 1, 1, 56
328+  9408 01 DD 01 7B
328+  940C 01 8F 01 FF
328+  9410 01 FC 01 FF
328+  9414 01 FA 01 01
328+  9418 01 38
329+  941A 01 00 01 1C            DEFB 1, 0, 1, 28, 1, 16, 1, 127, 1, 223, 10, 255, 1, 254, 1, 122, 1, 170, 1, 254, 1, 230
329+  941E 01 10 01 7F
329+  9422 01 DF 0A FF
329+  9426 01 FE 01 7A
329+  942A 01 AA 01 FE
329+  942E 01 E6
330+  9430 01 AB 01 BC            DEFB 1, 171, 1, 188, 1, 55, 1, 253, 1, 244, 1, 121, 1, 223, 3, 255, 1, 55, 1, 0, 1, 112
330+  9434 01 37 01 FD
330+  9438 01 F4 01 79
330+  943C 01 DF 03 FF
330+  9440 01 37 01 00
330+  9444 01 70
331+  9446 01 42 01 6F            DEFB 1, 66, 1, 111, 1, 191, 16, 255, 1, 251, 1, 158, 1, 63, 1, 245, 1, 238, 1, 127, 4, 255
331+  944A 01 BF 10 FF
331+  944E 01 FB 01 9E
331+  9452 01 3F 01 F5
331+  9456 01 EE 01 7F
331+  945A 04 FF
332+  945C 01 FB 01 F7            DEFB 1, 251, 1, 247, 1, 0, 1, 239, 1, 191, 19, 255, 1, 127, 1, 231, 7, 255, 1, 251, 1, 239
332+  9460 01 00 01 EF
332+  9464 01 BF 13 FF
332+  9468 01 7F 01 E7
332+  946C 07 FF 01 FB
332+  9470 01 EF
333+  9472 01 BF 04 FF            DEFB 1, 191, 4, 255, 1, 60, 1, 62, 2, 60, 1, 16, 1, 0, 1, 16, 1, 66, 1, 62, 1, 16
333+  9476 01 3C 01 3E
333+  947A 02 3C 01 10
333+  947E 01 00 01 10
333+  9482 01 42 01 3E
333+  9486 01 10
334+  9488 01 3C 1A FF            DEFB 1, 60, 26, 255, 1, 160, 1, 112, 1, 235, 1, 245, 1, 87, 1, 127, 1, 124, 3, 0, 1, 1
334+  948C 01 A0 01 70
334+  9490 01 EB 01 F5
334+  9494 01 57 01 7F
334+  9498 01 7C 03 00
334+  949C 01 01
335+  949E 01 55 01 00            DEFB 1, 85, 1, 0, 1, 1, 1, 135, 1, 170, 1, 175, 1, 251, 7, 255, 1, 252, 1, 127, 4, 255
335+  94A2 01 01 01 87
335+  94A6 01 AA 01 AF
335+  94AA 01 FB 07 FF
335+  94AE 01 FC 01 7F
335+  94B2 04 FF
336+  94B4 01 B9 01 F0            DEFB 1, 185, 1, 240, 1, 231, 1, 175, 1, 213, 1, 95, 1, 253, 3, 85, 1, 81, 1, 56, 1, 1
336+  94B8 01 E7 01 AF
336+  94BC 01 D5 01 5F
336+  94C0 01 FD 03 55
336+  94C4 01 51 01 38
336+  94C8 01 01
337+  94CA 01 82 01 00            DEFB 1, 130, 1, 0, 1, 21, 1, 95, 1, 254, 1, 102, 5, 255, 1, 245, 1, 195, 1, 137, 1, 239
337+  94CE 01 15 01 5F
337+  94D2 01 FE 01 66
337+  94D6 05 FF 01 F5
337+  94DA 01 C3 01 89
337+  94DE 01 EF
338+  94E0 04 FF 01 BD            DEFB 4, 255, 1, 189, 1, 125, 1, 174, 1, 175, 2, 85, 1, 242, 1, 171, 1, 195, 1, 251, 1, 255
338+  94E4 01 7D 01 AE
338+  94E8 01 AF 02 55
338+  94EC 01 F2 01 AB
338+  94F0 01 C3 01 FB
338+  94F4 01 FF
339+  94F6 01 D7 01 E0            DEFB 1, 215, 1, 224, 1, 14, 1, 191, 1, 255, 1, 254, 1, 189, 2, 127, 2, 255, 1, 252, 1, 192
339+  94FA 01 0E 01 BF
339+  94FE 01 FF 01 FE
339+  9502 01 BD 02 7F
339+  9506 02 FF 01 FC
339+  950A 01 C0
340+  950C 01 38 01 63            DEFB 1, 56, 1, 99, 1, 221, 6, 255, 1, 247, 1, 254, 1, 231, 1, 195, 1, 215, 1, 85, 1, 65
340+  9510 01 DD 06 FF
340+  9514 01 F7 01 FE
340+  9518 01 E7 01 C3
340+  951C 01 D7 01 55
340+  9520 01 41
341+  9522 01 7F 01 3F            DEFB 1, 127, 1, 63, 1, 213, 1, 112, 1, 167, 1, 94, 1, 250, 1, 47, 1, 255, 1, 243, 1, 255
341+  9526 01 D5 01 70
341+  952A 01 A7 01 5E
341+  952E 01 FA 01 2F
341+  9532 01 FF 01 F3
341+  9536 01 FF
342+  9538 01 FA 01 01            DEFB 1, 250, 1, 1, 1, 248, 1, 0, 1, 14, 1, 2, 1, 213, 1, 223, 11, 255, 1, 135, 1, 213
342+  953C 01 F8 01 00
342+  9540 01 0E 01 02
342+  9544 01 D5 01 DF
342+  9548 0B FF 01 87
342+  954C 01 D5
343+  954E 01 DF 01 9D            DEFB 1, 223, 1, 157, 1, 85, 1, 215, 1, 159, 1, 154, 1, 247, 1, 231, 1, 223, 3, 255, 1, 187
343+  9552 01 55 01 D7
343+  9556 01 9F 01 9A
343+  955A 01 F7 01 E7
343+  955E 01 DF 03 FF
343+  9562 01 BB
344+  9564 01 80 01 38            DEFB 1, 128, 1, 56, 1, 33, 1, 223, 1, 127, 16, 255, 1, 251, 1, 220, 1, 63, 1, 171, 1, 249
344+  9568 01 21 01 DF
344+  956C 01 7F 10 FF
344+  9570 01 FB 01 DC
344+  9574 01 3F 01 AB
344+  9578 01 F9
345+  957A 05 FF 01 FD            DEFB 5, 255, 1, 253, 1, 251, 1, 128, 1, 223, 1, 127, 19, 255, 2, 159, 7, 255, 1, 253, 1, 239
345+  957E 01 FB 01 80
345+  9582 01 DF 01 7F
345+  9586 13 FF 02 9F
345+  958A 07 FF 01 FD
345+  958E 01 EF
346+  9590 01 7F 04 FF            DEFB 1, 127, 4, 255, 11, 0, 21, 255, 6, 120, 21, 80, 10, 120, 21, 80, 11, 120, 21, 80, 11, 120
346+  9594 0B 00 15 FF
346+  9598 06 78 15 50
346+  959C 0A 78 15 50
346+  95A0 0B 78 15 50
346+  95A4 0B 78
347+  95A6 15 50 2C 78            DEFB 21, 80, 44, 120, 20, 104, 10, 120, 22, 104, 10, 120, 22, 104, 16, 120, 13, 88, 18, 120, 14, 88
347+  95AA 14 68 0A 78
347+  95AE 16 68 0A 78
347+  95B2 16 68 10 78
347+  95B6 0D 58 12 78
347+  95BA 0E 58
348+  95BC 14 78 0C 58            DEFB 20, 120, 12, 88, 20, 120, 10, 88, 18, 120, 17, 104, 12, 120, 20, 104, 12, 120, 25, 104, 1, 120
348+  95C0 14 78 0A 58
348+  95C4 12 78 11 68
348+  95C8 0C 78 14 68
348+  95CC 0C 78 19 68
348+  95D0 01 78
349+  95D2 01 68 02 78            DEFB 1, 104, 2, 120, 24, 104, 1, 120, 1, 104, 1, 120, 1, 104, 1, 120, 1, 104, 4, 120, 22, 104
349+  95D6 18 68 01 78
349+  95DA 01 68 01 78
349+  95DE 01 68 01 78
349+  95E2 01 68 04 78
349+  95E6 16 68
350+  95E8 01 28 01 68            DEFB 1, 40, 1, 104, 1, 40, 1, 104, 1, 120, 1, 104, 4, 120, 20, 104, 1, 40, 1, 88, 3, 96
350+  95EC 01 28 01 68
350+  95F0 01 78 01 68
350+  95F4 04 78 14 68
350+  95F8 01 28 01 58
350+  95FC 03 60
351+  95FE 01 68 01 78            DEFB 1, 104, 1, 120, 1, 104, 4, 120, 20, 104, 1, 120, 1, 104, 1, 40, 1, 104, 1, 120, 1, 104
351+  9602 01 68 04 78
351+  9606 14 68 01 78
351+  960A 01 68 01 28
351+  960E 01 68 01 78
351+  9612 01 68
352+  9614 01 78 01 68            DEFB 1, 120, 1, 104, 4, 120, 20, 104, 1, 120, 1, 104, 1, 120, 1, 104, 1, 120, 1, 104, 1, 120
352+  9618 04 78 14 68
352+  961C 01 78 01 68
352+  9620 01 78 01 68
352+  9624 01 78 01 68
352+  9628 01 78
353+  962A 01 68 04 78            DEFB 1, 104, 4, 120, 20, 104, 1, 120, 1, 104, 1, 120, 1, 104, 1, 120, 1, 104, 1, 120, 1, 104
353+  962E 14 68 01 78
353+  9632 01 68 01 78
353+  9636 01 68 01 78
353+  963A 01 68 01 78
353+  963E 01 68
354+  9640 05 78 11 68            DEFB 5, 120, 17, 104, 3, 120, 1, 104, 1, 120, 1, 104, 1, 120, 1, 104, 1, 120, 1, 104, 1, 120
354+  9644 03 78 01 68
354+  9648 01 78 01 68
354+  964C 01 78 01 68
354+  9650 01 78 01 68
354+  9654 01 78
355+  9656 17 68 01 78            DEFB 23, 104, 1, 120, 1, 104, 1, 120, 1, 104, 1, 120, 1, 104, 1, 120, 1, 104, 1, 120, 11, 71
355+  965A 01 68 01 78
355+  965E 01 68 01 78
355+  9662 01 68 01 78
355+  9666 01 68 01 78
355+  966A 0B 47
356+  966C 02 40 08 68            DEFB 2, 64, 8, 104, 1, 120, 1, 104, 1, 120, 1, 104, 1, 120, 1, 104, 3, 120, 1, 104, 0
356+  9670 01 78 01 68
356+  9674 01 78 01 68
356+  9678 01 78 01 68
356+  967C 03 78 01 68
356+  9680 00
357+  9681
358+  9681              ;-------------------------------------------------------------------------------------------------
359+  9681              ; Fin del Código del Profesor                                                                    |
360+  9681              ;-------------------------------------------------------------------------------------------------
361+  9681
# file closed: C:\Users\javie\OneDrive\Documentos\GitHub\Arkanoid-Z80\Arkanoid1\Pantalla inicio Arkanoid.asm
 40   9681                  include "printat.asm"
# file opened: C:\Users\javie\OneDrive\Documentos\GitHub\Arkanoid-Z80\Arkanoid1\printat.asm
  1+  9681              ; -------------------------------
  2+  9681              ; ZX Spectrum Text print library
  3+  9681              ; Daniel León - AOC - UFV 2020
  4+  9681              ; -------------------------------
  5+  9681
  6+  9681
  7+  9681              ; ----------------------------------------------------------------------------------------
  8+  9681              ; PRINTAT - Print a string in a position and attributes as per registers:
  9+  9681              ;		IN	A	: Bit 7=1 For Flash / Bit 6=1 For Brigh / Bit 5,4,3 for Paper / Bit 2,1,0 for Ink
 10+  9681              ;		IN	B	: Row 0..23
 11+  9681              ;		IN	C	: Column 0..31
 12+  9681              ;		IN	IX	: Address of text (Text must end in a 0)
 13+  9681              ; ----------------------------------------------------------------------------------------
 14+  9681 CD 90 96     PRINTAT:	CALL PREP_PRT				; Update Attribute var &Screen & Attributes pointers
 15+  9684              ; ----------------------------------------------------------------------------------------
 16+  9684              ;		VVV Do not move PRINTSTR below as PRINTAT continues into PRINTSTR routine
 17+  9684              ; ----------------------------------------------------------------------------------------
 18+  9684              ; PRINTSTR - Prints String - IX Points to the String start
 19+  9684              ; ----------------------------------------------------------------------------------------
 20+  9684 DD 7E 00     PRINTSTR:   LD A,(IX)					; A Contains first char to print
 21+  9687 B7           			OR A						; check for end of string (0)
 22+  9688 C8           			RET Z						; Finish printing if 0
 23+  9689 CD BE 96     			CALL PRINTCHNUM
 24+  968C DD 23        			INC IX						; Move to next char in string
 25+  968E 18 F4        			JR PRINTSTR					; Start over printing sequence
 26+  9690              ; ----------------------------------------------------------------------------------------
 27+  9690
 28+  9690
 29+  9690              ;-----------------------------------------------------------------------------------------
 30+  9690              ; PREP_PRT - Updates Print_Attr, SCR & ATTR Vars
 31+  9690              ;-----------------------------------------------------------------------------------------
 32+  9690 32 04 97     PREP_PRT:	LD (PRINT_ATTR),A			; Set Attribute
 33+  9693 CD 99 96     PREP_PRT_2:	CALL CRtoSCREEN
 34+  9696 C3 AB 96     			JP CRtoATTR
 35+  9699              ;-----------------------------------------------------------------------------------------
 36+  9699
 37+  9699              ;-----------------------------------------------------------------------------------------
 38+  9699              ; CRtoSCREEN - Converts a scr char coord into a SCREEN Address   b,c = y,x positions
 39+  9699              ;	IN  - B=Row, C=Column
 40+  9699              ;	OUT - HL=Address in screen also stored in (SCR_CUR_PTR)
 41+  9699              ;	Conversion:
 42+  9699              ;			Row FFfff   Column CCCCC
 43+  9699              ;			HL=%010FF000 fffCCCCC
 44+  9699              ;-----------------------------------------------------------------------------------------
 45+  9699              CRtoSCREEN:
 46+  9699 78           			LD A,B						; %___FFfff
 47+  969A F6 40        			OR #40						; %010FFfff
 48+  969C E6 F8        			AND #F8						; %010FF000
 49+  969E 67           			LD H,A
 50+  969F
 51+  969F 78           			LD A,B						; %___FFfff
 52+  96A0 E6 07        			AND #7						; %00000fff
 53+  96A2 0F           			RRCA						; %f00000ff
 54+  96A3 0F           			RRCA						; %ff00000f
 55+  96A4 0F           			RRCA						; %fff00000
 56+  96A5 B1           			OR C						; %fffCCCCC
 57+  96A6 6F           			LD L,A
 58+  96A7 22 00 97                 LD (SCR_CUR_PTR),HL			; Update Variable
 59+  96AA C9                       RET
 60+  96AB              ; ----------------------------------------------------------------------------------------
 61+  96AB
 62+  96AB
 63+  96AB
 64+  96AB              ;-----------------------------------------------------------------------------------------
 65+  96AB              ; CRtoATTR - Converts a screen char coord  into a ATTR Address  b,c = y,x positions
 66+  96AB              ;	IN  - B=Row, C=Column
 67+  96AB              ;	OUT - HL=Address in screen also stored in (SCR_ATTR_PTR)
 68+  96AB              ;	Conversion:
 69+  96AB              ;			Row FFfff   Column CCCCC
 70+  96AB              ;			HL=%010110FF fffCCCCC
 71+  96AB              ;-----------------------------------------------------------------------------------------
 72+  96AB              CRtoATTR:
 73+  96AB 78           			LD A,B						; %___FFfff
 74+  96AC 0F           			RRCA						; %f000FFff
 75+  96AD 0F           			RRCA						; %ff000FFf
 76+  96AE 0F           			RRCA						; %fff000FF
 77+  96AF 6F           			LD L,A
 78+  96B0 E6 03        			AND 3						; %000000FF	value of FF can be only 00,01,10
 79+  96B2 F6 58        			OR #58						; %010110FF value will be #58, #59 or #5A
 80+  96B4 67           			LD H,A
 81+  96B5
 82+  96B5 7D           			LD A,L						; %fff000FF
 83+  96B6 E6 E0        			AND #E0						; %fff00000
 84+  96B8 B1           			OR C						; %fffCCCCC
 85+  96B9 6F           			LD L,A
 86+  96BA
 87+  96BA 22 02 97                 LD (SCR_ATTR_PTR),HL		; Update Variable
 88+  96BD C9                       RET
 89+  96BE              ; ----------------------------------------------------------------------------------------
 90+  96BE
 91+  96BE
 92+  96BE
 93+  96BE              ; ----------------------------------------------------------------------------------------
 94+  96BE              ; PRINTCHNUM - Prints Char Number N (stored in A)
 95+  96BE              ;-----------------------------------------------------------------------------------------
 96+  96BE              PRINTCHNUM:	;SUB 32						; Adjust Ascii to charset
 97+  96BE 26 00        			LD H,0						; Multiply value by 8 to get to right Char in Charset
 98+  96C0 6F           			LD L,A
 99+  96C1 29           			ADD HL,HL
100+  96C2 29           			ADD HL,HL
101+  96C3 29           			ADD HL,HL
102+  96C4 11 05 96     			LD DE, CHARSET-(8*32)		; Optimize in compile time (instead of sub 32)
103+  96C7 19           			ADD HL,DE
104+  96C8 EB           			EX  DE,HL					;Value in DE
105+  96C9              			; Continues to printchar below
106+  96C9              ; ----------------------------------------------------------------------------------------
107+  96C9
108+  96C9
109+  96C9              ; ----------------------------------------------------------------------------------------
110+  96C9              ; PRINTCHAR - Prints Char  (DE points to the char. Uses HL as last Cur Pointer)
111+  96C9              ; ----------------------------------------------------------------------------------------
112+  96C9              PRINTCHAR:
113+  96C9 06 08        			LD B,8						; 8 Lines per char
114+  96CB 2A 00 97                 LD HL, (SCR_CUR_PTR)		; Load Cursor Pointer y,x
115+  96CE
116+  96CE 1A           BYTEPCHAR:	LD A,(DE)					; Get Char to be printed, first line
117+  96CF 77           			LD (HL),A					; Move to Printing location
118+  96D0 24                       INC H						; inc H so next line in char (ZX Spectrum Screen RAM)
119+  96D1 13                       INC DE 						; next line to be printed
120+  96D2 10 FA                    DJNZ BYTEPCHAR				; Repeat 8 lines
121+  96D4 3A 04 97                 LD A,(PRINT_ATTR) 			; Load Attributes to print char with
122+  96D7 2A 02 97                 LD HL, (SCR_ATTR_PTR)
123+  96DA 77                       LD (HL),A
124+  96DB 21 02 97                 LD HL, SCR_ATTR_PTR			; Get pointer to ATTR
125+  96DE 34                       INC (HL)					; Move Attribute cursor to next char
126+  96DF 21 00 97     			LD HL, SCR_CUR_PTR
127+  96E2 34           			INC (HL)					; update Cursor pointer to next position
128+  96E3 C9                       RET
129+  96E4              ; ----------------------------------------------------------------------------------------
130+  96E4
131+  96E4
132+  96E4
133+  96E4              ; ----------------------------------------------------------------------------------------
134+  96E4              ; INK2PAPER - moves ink of attribute stored in (PRINT_ATTR) to paper and sets ink to 0
135+  96E4              ; 				Sets bright 1 and flash 0
136+  96E4              ; ----------------------------------------------------------------------------------------
137+  96E4 3A 04 97     INK2PAPER:	LD A, (PRINT_ATTR)		    ; Get storedAttribute
138+  96E7 E6 07                    AND 7						; get Attr INK in A
139+  96E9 07           			RLCA
140+  96EA 07           			RLCA
141+  96EB 07           			RLCA						; move Ink to Paper
142+  96EC F6 40        			OR 64						; ink 0 bright 1
143+  96EE 32 04 97     			LD (PRINT_ATTR),A		    ; Get storedAttribute
144+  96F1 C9           			RET
145+  96F2              ; ----------------------------------------------------------------------------------------
146+  96F2
147+  96F2
148+  96F2
149+  96F2
150+  96F2 21 00 40     CLEARSCR:	LD HL,$4000					; Erases screen by writing 0 to all pixels and attributes
151+  96F5 11 01 40     			LD DE,$4001
152+  96F8 01 FF 1A     			LD BC,6911
153+  96FB 36 00        			LD (HL),0
154+  96FD ED B0        			LDIR
155+  96FF C9           			RET
156+  9700
157+  9700
158+  9700              SCR_CUR_PTR
158+  9700 00 00          	db $00, $00				; Cursor Pointer in Screen (2 bytes) (HL)
159+  9702 00 00        SCR_ATTR_PTR: 	db $00, $00				; Attr Pointer in Screen (2 bytes) (HL)
160+  9704 00           PRINT_ATTR:		db $00					; Attribute used by printchar routine (1 byte)
161+  9705
162+  9705              CHARSET: incbin "charset.bin"			; Charset used
163+  9A05
# file closed: C:\Users\javie\OneDrive\Documentos\GitHub\Arkanoid-Z80\Arkanoid1\printat.asm
 41   9A05                  include "leer_sn.asm"
# file opened: C:\Users\javie\OneDrive\Documentos\GitHub\Arkanoid-Z80\Arkanoid1\leer_sn.asm
  1+  9A05              Mensa_SN:
  2+  9A05 00 00            DB 0, 0
  3+  9A07              leer_sn_inicio:
  4+  9A07 06 20            LD B, 32 ; nº de filas de la pantalla
  5+  9A09 0E 17            LD C, 23 ; nº de columnas de la pantalla
  6+  9A0B 3E 06            LD A, 6
  7+  9A0D CD 25 9A         CALL LEER_SN
  8+  9A10 3A 05 9A         LD A, (Mensa_SN)
  9+  9A13                  ; si se pulsa la S se pasa a la rutina que limpia la pantalla e imprime la cuba
 10+  9A13 FE 53            CP 'S'
 11+  9A15 28 07            JR Z, Pantalla_Juego
 12+  9A17                  ; si se pulsa la N se pasa a la rutina que limpia la pantalla e imprime el mensaje Final de "Adiós"
 13+  9A17 FE 4E            CP 'N'
 14+  9A19 28 4B            JR Z, Pantalla_Adios
 15+  9A1B 18 EA            JR leer_sn_inicio
 16+  9A1D C9               RET
 17+  9A1E              Pantalla_Juego:
 18+  9A1E
 19+  9A1E                  ; ------------------------------------------------------------
 20+  9A1E                  ; Rutina para llamar a otros métodos
 21+  9A1E                  ; ------------------------------------------------------------
 22+  9A1E
 23+  9A1E CD BD 9A         CALL Limpieza_Pantalla_Inicio
 24+  9A21 CD 44 9B         CALL CUBA_Inicio
 25+  9A24 C9               RET
 26+  9A25              LEER_SN:
 27+  9A25 F5               PUSH AF
 28+  9A26              LSN1:
 29+  9A26
 30+  9A26                  ; ------------------------------------------------------------
 31+  9A26                  ; Comprobamos cual tecla está siendo pulsada, si la s o la n
 32+  9A26                  ; Si no hay ninguna que está siendo pulsada entonces se repite el bucle
 33+  9A26                  ; ------------------------------------------------------------
 34+  9A26
 35+  9A26 3E FD            LD A, $FD
 36+  9A28 DB FE            IN A, ($FE)
 37+  9A2A CB 4F            BIT 1, A
 38+  9A2C                  ; Si se reconoce que se pulsa una S, se asigna al registro A la letra S
 39+  9A2C 28 0F            JR Z, Puls_S
 40+  9A2E 3E 7F            LD A, $7F
 41+  9A30 DB FE            IN A, ($FE)
 42+  9A32 CB 5F            BIT 3, A
 43+  9A34 20 F0            JR NZ, LSN1
 44+  9A36                  ; Si se reconoce que se pulsa una N, se asigna al registro A la letra N
 45+  9A36 3E 4E            LD A, 'N'
 46+  9A38 32 05 9A         LD (Mensa_SN), A
 47+  9A3B 18 02            JR LSN2
 48+  9A3D              Puls_S:
 49+  9A3D 3E 53            LD A, 'S'
 50+  9A3F              LSN2:
 51+  9A3F 32 05 9A         LD (Mensa_SN), A
 52+  9A42 F1               POP AF
 53+  9A43 CD 81 96         CALL PRINTAT
 54+  9A46                  ; Comprobamos que en Mensa_SN esté registrada la tecla que queremos, bien sea la S o la N
 55+  9A46 3A 05 9A         LD A, (Mensa_SN)
 56+  9A49 FE 53            CP 'S'
 57+  9A4B 28 04            JR Z, LSN3
 58+  9A4D 3E 7E            LD A, $7E
 59+  9A4F 18 02            JR LSN4
 60+  9A51              LSN3:
 61+  9A51 3E FD            LD A, $FD
 62+  9A53              LSN4:
 63+  9A53 DB FE            IN A, ($FE)
 64+  9A55 FE FF            CP $FF
 65+  9A57 28 FA            JR Z, LSN4
 66+  9A59 CD 5D 9A         CALL ESPERAR_SN
 67+  9A5C C9               RET
 68+  9A5D              ESPERAR_SN:
 69+  9A5D 01 FF 3F         LD BC, $3FFF
 70+  9A60              ESPERAR_1_SN:
 71+  9A60 0B               DEC BC
 72+  9A61 78               LD A, B
 73+  9A62 B1               OR C
 74+  9A63 20 FB            JR NZ, ESPERAR_1_SN
 75+  9A65 C9               RET
 76+  9A66              Pantalla_Adios:
 77+  9A66 CD 8B 9B         CALL PANTALLA_ADIOS_INICIO
 78+  9A69 C9               RET
# file closed: C:\Users\javie\OneDrive\Documentos\GitHub\Arkanoid-Z80\Arkanoid1\leer_sn.asm
 42   9A6A                  include "Pala.asm"
# file opened: C:\Users\javie\OneDrive\Documentos\GitHub\Arkanoid-Z80\Arkanoid1\Pala.asm
  1+  9A6A 10 00        POSICION: DB 16, 0
  2+  9A6C              LONGITUDPALA: EQU 5
  3+  9A6C              COLORPALA: EQU 2*8+2
  4+  9A6C              CONTADOR: EQU $07FF
  5+  9A6C              Pala_inicio
  6+  9A6C CD 7A 9A         CALL DIBUJARPALA
  7+  9A6F CD 9D 9B         CALL TECLADO
  8+  9A72 CD 9C 9A         CALL NUEVAPOSICION
  9+  9A75
 10+  9A75                  ; ----------------------
 11+  9A75                  ; Actualizar pelota aquí
 12+  9A75                  ;-----------------------
 13+  9A75
 14+  9A75 CD B4 9A         CALL ESPERAR
 15+  9A78 18 F2            JR Pala_inicio
 16+  9A7A              DIBUJARPALA:
 17+  9A7A 3A 6B 9A         LD A, (POSICION + 1)
 18+  9A7D B7               OR A
 19+  9A7E 28 05            JR Z, DIBUJARPALA1
 20+  9A80 0E 00            LD C, 0
 21+  9A82 CD 8E 9A         CALL DIBUJARPALACOLOR
 22+  9A85              DIBUJARPALA1:
 23+  9A85 3A 6A 9A         LD A, (POSICION)
 24+  9A88 0E 12            LD C, COLORPALA
 25+  9A8A CD 8E 9A         CALL DIBUJARPALACOLOR
 26+  9A8D C9               RET
 27+  9A8E              DIBUJARPALACOLOR:
 28+  9A8E 21 E0 5A         LD HL, $5B00 - 32
 29+  9A91 16 00            LD D, 0
 30+  9A93 5F               LD E, A
 31+  9A94 19               ADD HL, DE
 32+  9A95 06 05            LD B, LONGITUDPALA
 33+  9A97              DIBUJARPALACOLOR1:
 34+  9A97 71               LD (HL), C
 35+  9A98 23               INC HL
 36+  9A99 10 FC            DJNZ DIBUJARPALACOLOR1
 37+  9A9B C9               RET
 38+  9A9C              NUEVAPOSICION:
 39+  9A9C 78               LD A, B
 40+  9A9D B7               OR A
 41+  9A9E C8               RET Z
 42+  9A9F 3A 6A 9A         LD  A, (POSICION)
 43+  9AA2 80               ADD B
 44+  9AA3 B7               OR A ; A = A|A
 45+  9AA4 C8               RET Z
 46+  9AA5 FE 1B            CP 32 - LONGITUDPALA
 47+  9AA7 D0               RET NC
 48+  9AA8 47               LD B, A
 49+  9AA9 3A 6A 9A         LD A, (POSICION)
 50+  9AAC 32 6B 9A         LD (POSICION + 1), A
 51+  9AAF 78               LD A, B
 52+  9AB0 32 6A 9A         LD (POSICION), A
 53+  9AB3 C9               RET
 54+  9AB4              ESPERAR:
 55+  9AB4 01 FF 07         LD BC, CONTADOR
 56+  9AB7              ESPERAR1:
 57+  9AB7 0B               DEC BC
 58+  9AB8 78               LD A, B
 59+  9AB9 B1               OR C
 60+  9ABA 20 FB            JR NZ, ESPERAR1
 61+  9ABC C9               RET
# file closed: C:\Users\javie\OneDrive\Documentos\GitHub\Arkanoid-Z80\Arkanoid1\Pala.asm
 43   9ABD                  include "Limpieza_Pantalla.asm"
# file opened: C:\Users\javie\OneDrive\Documentos\GitHub\Arkanoid-Z80\Arkanoid1\Limpieza_Pantalla.asm
  1+  9ABD              ; --------------------------------------------------------------
  2+  9ABD              ; Esta rutina se encarga de recorrer la pantalla en su totalidad y poner el color negro
  3+  9ABD              ; tanto en el paper como en el ink
  4+  9ABD              ; --------------------------------------------------------------
  5+  9ABD
  6+  9ABD              Limpieza_Pantalla_Inicio:
  7+  9ABD
  8+  9ABD                  ; --------------------------------------------------------------
  9+  9ABD                  ; Establecemos los registros que se van a usar y la dirección de memoria inicial de la pantalla
 10+  9ABD                  ; --------------------------------------------------------------
 11+  9ABD
 12+  9ABD 3E 00            LD A, 0
 13+  9ABF 06 00            LD B, 0
 14+  9AC1 1E 00            LD E, 0
 15+  9AC3 D3 FE            OUT($FE), A
 16+  9AC5 21 00 58         LD HL, $5800
 17+  9AC8              Bucle_Limpieza:
 18+  9AC8
 19+  9AC8                  ; --------------------------------------------------------------
 20+  9AC8                  ; Bucle para limpiar la pantalla recorriendo filas y columnas
 21+  9AC8                  ; --------------------------------------------------------------
 22+  9AC8
 23+  9AC8 70               LD (HL), B
 24+  9AC9 23               INC HL
 25+  9ACA 3C               INC A
 26+  9ACB FE 20            CP 32
 27+  9ACD 38 F9            JR C, Bucle_Limpieza
 28+  9ACF
 29+  9ACF 1C               INC E
 30+  9AD0 7B               LD A, E
 31+  9AD1 FE 19            CP 25
 32+  9AD3 3E 00            LD A, 0
 33+  9AD5 38 F1            JR C, Bucle_Limpieza
 34+  9AD7 C9               RET
# file closed: C:\Users\javie\OneDrive\Documentos\GitHub\Arkanoid-Z80\Arkanoid1\Limpieza_Pantalla.asm
 44   9AD8                  include "Pantalla_Final.asm"
# file opened: C:\Users\javie\OneDrive\Documentos\GitHub\Arkanoid-Z80\Arkanoid1\Pantalla_Final.asm
  1+  9AD8                  DEVICE ZXSPECTRUM48
  2+  9AD8
  3+  9AD8 3E 00            LD A, 0
  4+  9ADA D3 FE            OUT ($FE), A
  5+  9ADC
  6+  9ADC C3 19 9B         JP Pantalla_Final_Inicio
  7+  9ADF
  8+  9ADF 4C 61 20 70  TEXTO1: DB "La partida ha finalizado", 0
  8+  9AE3 61 72 74 69
  8+  9AE7 64 61 20 68
  8+  9AEB 61 20 66 69
  8+  9AEF 6E 61 6C 69
  8+  9AF3 7A 61 64 6F
  8+  9AF7 00
  9+  9AF8 51 75 69 65  TEXTO2: DB "Quieres jugar otra partida? S/X ", 0
  9+  9AFC 72 65 73 20
  9+  9B00 6A 75 67 61
  9+  9B04 72 20 6F 74
  9+  9B08 72 61 20 70
  9+  9B0C 61 72 74 69
  9+  9B10 64 61 3F 20
  9+  9B14 53 2F 58 20
  9+  9B18 00
 10+  9B19
 11+  9B19              Pantalla_Final_Inicio:
 12+  9B19 DD 21 DF 9A      LD IX, TEXTO1   // Escribimos el mensaje de finalizar partida
 13+  9B1D                  ; ----------------
 14+  9B1D                  ; Posicionamiento
 15+  9B1D                  ; ----------------
 16+  9B1D 06 01            LD B, 1
 17+  9B1F 0E 04            LD C, 4
 18+  9B21 3E 01            LD A, 1
 19+  9B23 CD 81 96         CALL PRINTAT
 20+  9B26
 21+  9B26 DD 21 F8 9A      LD IX, TEXTO2
 22+  9B2A 06 16            LD B, 22
 23+  9B2C 0E 01            LD C, 1
 24+  9B2E 3E 06            LD A, 6
 25+  9B30 CD 81 96         CALL PRINTAT
 26+  9B33
 27+  9B33 CD 07 9A         CALL leer_sn_inicio     // Leemos la respuesta a la pregunta
 28+  9B36
 29+  9B36 3E C6            LD A, 198
 30+  9B38 32 DE 5A         LD ($5806 + 22*32+24), A
 31+  9B3B
 32+  9B3B 06 16            LD B, 22 ; fila
 33+  9B3D 0E 18            LD C, 24  ;columna
 34+  9B3F 3E 06            LD A, 6   ;atributo
 35+  9B41 C9               RET
 36+  9B42
 37+  9B42 18 FE        PANTALLA_FINAL_FIN: JR PANTALLA_FINAL_FIN
 38+  9B44
# file closed: C:\Users\javie\OneDrive\Documentos\GitHub\Arkanoid-Z80\Arkanoid1\Pantalla_Final.asm
 45   9B44                  include "Cuba.asm"
# file opened: C:\Users\javie\OneDrive\Documentos\GitHub\Arkanoid-Z80\Arkanoid1\Cuba.asm
  1+  9B44                  DEVICE ZXSPECTRUM48
  2+  9B44              	SLDOPT COMMENT WPMEM, LOGPOINT, ASSERTION
  3+  9B44
  4+  9B44              CUBA_Inicio:
  5+  9B44 3E 00            LD A, 0
  6+  9B46 D3 FE            OUT ($FE), A             ; Borde de la pantalla en negro
  7+  9B48 21 00 58         LD HL, $5800             ; Cargamos la dirección inicial en HL
  8+  9B4B
  9+  9B4B
 10+  9B4B              Fila_Superior:
 11+  9B4B 06 09            LD B, %00001001          ; Guardamos en B el color de la cuba
 12+  9B4D 0E 20            LD C, 32                 ; Guardamos en C el número de columnas
 13+  9B4F              Columnas_Superior:
 14+  9B4F 70               LD (HL), B               ; Ponemos el color en cada una de las columnas
 15+  9B50 23               INC HL                   ; Incrementamos HL para avanzar a la siguiente columna
 16+  9B51 0D               DEC C                    ; Decrementamos C para quitar la columna que ya ha sido pintada
 17+  9B52 20 FB            JR NZ, Columnas_Superior ; Lo repetimos hasta que se pinten las 32 columnas
 18+  9B54
 19+  9B54 16 16            LD D, 22                 ; Número de filas para los bordes laterales
 20+  9B56
 21+  9B56              Dibuja_LateralIzquierdo:
 22+  9B56 70               LD (HL), B                ; Pinta el borde izquierdo en la posición de HL
 23+  9B57 D5               PUSH DE
 24+  9B58 E5               PUSH HL                   ; Guardamos HL
 25+  9B59
 26+  9B59
 27+  9B59 7C               LD A, H
 28+  9B5A C6 01            ADD A, 1                  ; Movemos a la siguiente columna
 29+  9B5C 67               LD H, A                   ; Actualizamos H con la nueva columna
 30+  9B5D 70               LD (HL), B                ; Pintar el borde
 31+  9B5E
 32+  9B5E E1               POP HL                    ; Recuperamos la posición original
 33+  9B5F 11 20 00         LD DE, $0020              ; Avanzamos 32 bytes a la siguiente fila
 34+  9B62
 35+  9B62 19               ADD HL, DE
 36+  9B63 D1               POP DE
 37+  9B64 15               DEC D                     ; Decrementamos D por la fila que ya se haya pintado
 38+  9B65 20 EF            JR NZ, Dibuja_LateralIzquierdo
 39+  9B67
 40+  9B67 21 3F 58         LD HL, $583F             ; Iniciamos la segunda fila en el borde derecho de la cuba
 41+  9B6A 16 17            LD D, 23
 42+  9B6C
 43+  9B6C              Dibuja_LateralDerecho:
 44+  9B6C D5               PUSH DE
 45+  9B6D 70               LD (HL), B               ; Pintamos el borde derecho en la posición de HL
 46+  9B6E 11 20 00         LD DE, $0020             ; Se avanza 32 para poder pintar la misma columna slo que en una flia más abajo
 47+  9B71 19               ADD HL, DE
 48+  9B72 D1               POP DE
 49+  9B73 15               DEC D
 50+  9B74 20 F6            JR NZ, Dibuja_LateralDerecho  ; Repetir hasta completar las 22 filas
 51+  9B76
 52+  9B76              Llamado_pala:
 53+  9B76 CD 6C 9A         CALL Pala_inicio
 54+  9B79 C9               RET
 55+  9B7A
# file closed: C:\Users\javie\OneDrive\Documentos\GitHub\Arkanoid-Z80\Arkanoid1\Cuba.asm
 46   9B7A                  include "Pantalla_Adios.asm"
# file opened: C:\Users\javie\OneDrive\Documentos\GitHub\Arkanoid-Z80\Arkanoid1\Pantalla_Adios.asm
  1+  9B7A              PANTALLA_ADIOS:
  2+  9B7A 3E 00            LD A, 0
  3+  9B7C D3 FE            OUT($FE), A
  4+  9B7E
  5+  9B7E C3 8B 9B         JP PANTALLA_ADIOS_INICIO
  6+  9B81 41 44 49 4F  JUGAR: DB "ADIOS!!!!", 0    // Comentario el cual queremos que aparezca en pantalla
  6+  9B85 53 21 21 21
  6+  9B89 21 00
  7+  9B8B              PANTALLA_ADIOS_INICIO:
  8+  9B8B
  9+  9B8B CD BD 9A         CALL Limpieza_Pantalla_Inicio   // Llamamos a limpiar pantalla para que cuando se ponga el mensaje de despedida, solo aparezca el mensaje
 10+  9B8E
 11+  9B8E DD 21 81 9B      LD IX, JUGAR          // Escribe el mensaje
 12+  9B92
 13+  9B92                  ; ----------------
 14+  9B92                  ; Posicionamiento
 15+  9B92                  ; ----------------
 16+  9B92 06 0A            LD B, 10
 17+  9B94 0E 0C            LD C, 12
 18+  9B96 3E 50            LD A, 80
 19+  9B98
 20+  9B98 CD 81 96         CALL PRINTAT
 21+  9B9B
 22+  9B9B 18 FE        PANTALLA_ADIOS_FIN: JR PANTALLA_ADIOS_FIN
 23+  9B9D
# file closed: C:\Users\javie\OneDrive\Documentos\GitHub\Arkanoid-Z80\Arkanoid1\Pantalla_Adios.asm
 47   9B9D                  include "Teclado.asm"
# file opened: C:\Users\javie\OneDrive\Documentos\GitHub\Arkanoid-Z80\Arkanoid1\Teclado.asm
  1+  9B9D              TECLADO:
  2+  9B9D 16 00            LD D, 0
  3+  9B9F              TECLADO1:
  4+  9B9F 01 FE FD         LD BC, $FDFE ; recogemos la fila de teclas de A
  5+  9BA2 ED 78            IN A, (C) ; hacemos pantallazo
  6+  9BA4 E6 1F            AND $1F ; A = A & 1F
  7+  9BA6 FE 1F            CP $1F
  8+  9BA8 20 11            JR NZ, TECLADO2 ; si A no es igual que $1f se va a teclado 2
  9+  9BAA 01 FE BF         LD BC, $BFFE
 10+  9BAD ED 78            IN A, (C)
 11+  9BAF E6 1F            AND $1F ; A = A & 1F
 12+  9BB1 FE 1F            CP $1F
 13+  9BB3 20 18            JR NZ, TECLADO4
 14+  9BB5 15               DEC D
 15+  9BB6 20 E7            JR NZ, TECLADO1
 16+  9BB8 06 00            LD B, 0
 17+  9BBA C9               RET
 18+  9BBB              TECLADO2:
 19+  9BBB
 20+  9BBB                  ; ---------------
 21+  9BBB                  ; Si el usuario teclea la A se mueve a la izquierda
 22+  9BBB                  ; ---------------
 23+  9BBB
 24+  9BBB CB 47            BIT 0, A  ; Z != A[0] // Comprobamos que teclee la letra A
 25+  9BBD 20 04            JR NZ, TECLADO3 ; si no lo hace vamos a teclado3
 26+  9BBF 06 FF            LD B, -1 ; La posición que tengo la decremento 1
 27+  9BC1
 28+  9BC1 18 12            JR TECLADOFIN
 29+  9BC3              TECLADO3:
 30+  9BC3
 31+  9BC3                  ; ---------------
 32+  9BC3                  ; Si el usuario teclea la F se muestra pantalla de fin
 33+  9BC3                  ; ---------------
 34+  9BC3
 35+  9BC3 CB 5F            BIT 3, A
 36+  9BC5 20 D8            JR NZ, TECLADO1
 37+  9BC7
 38+  9BC7 CD BD 9A         CALL Limpieza_Pantalla_Inicio
 39+  9BCA CD 19 9B         CALL Pantalla_Final_Inicio
 40+  9BCD              TECLADO4:
 41+  9BCD
 42+  9BCD                  ; ---------------
 43+  9BCD                  ; Si el usuario teclea la D se mueve a la derecha
 44+  9BCD                  ; ---------------
 45+  9BCD
 46+  9BCD CB 4F            BIT 1, A ; comprobamos si teclea la L
 47+  9BCF 20 CE            JR NZ, TECLADO1 ; si no, vuelve a teclado1
 48+  9BD1 06 01            LD B, 1 ; aumentamos posicion en 1
 49+  9BD3
 50+  9BD3 18 00            JR TECLADOFIN
 51+  9BD5              TECLADOFIN:
 52+  9BD5 00               NOP
 53+  9BD6 00               NOP
 54+  9BD7 00               NOP
 55+  9BD8 00               NOP
 56+  9BD9 00               NOP
 57+  9BDA 15               DEC D
 58+  9BDB 20 F8            JR NZ, TECLADOFIN
 59+  9BDD C9               RET
# file closed: C:\Users\javie\OneDrive\Documentos\GitHub\Arkanoid-Z80\Arkanoid1\Teclado.asm
# file closed: C:\Users\javie\OneDrive\Documentos\GitHub\Arkanoid-Z80\Arkanoid1\main.asm
